{"/home/travis/build/npmtest/node-npmtest-vash/test.js":{"path":"/home/travis/build/npmtest/node-npmtest-vash/test.js","s":{"1":2,"2":2,"3":2,"4":2,"5":2,"6":2,"7":2,"8":1,"9":2,"10":2,"11":1,"12":1,"13":1,"14":1,"15":2,"16":2,"17":2,"18":2,"19":1,"20":1,"21":2,"22":2,"23":2,"24":1,"25":1,"26":1,"27":1,"28":1,"29":1,"30":1,"31":1,"32":1,"33":1,"34":1,"35":1,"36":1,"37":1,"38":1,"39":2,"40":2,"41":1,"42":2,"43":2,"44":1,"45":2,"46":2,"47":1,"48":2,"49":2,"50":1,"51":1,"52":1,"53":1,"54":1},"b":{"1":[2,1,1,1],"2":[1,1,1,1],"3":[1,1],"4":[1,1],"5":[1,1],"6":[1,1],"7":[1,1],"8":[1,1],"9":[1,1],"10":[1,1,1],"11":[1,1],"12":[1,1],"13":[1,1],"14":[1,1],"15":[1,1],"16":[1,1],"17":[1,1]},"f":{"1":2,"2":2,"3":2,"4":2,"5":2,"6":1,"7":1,"8":1,"9":2,"10":2,"11":2,"12":2,"13":1},"fnMap":{"1":{"name":"(anonymous_1)","line":12,"loc":{"start":{"line":12,"column":1},"end":{"line":12,"column":13}}},"2":{"name":"(anonymous_2)","line":19,"loc":{"start":{"line":19,"column":5},"end":{"line":19,"column":17}}},"3":{"name":"(anonymous_3)","line":23,"loc":{"start":{"line":23,"column":24},"end":{"line":23,"column":36}}},"4":{"name":"(anonymous_4)","line":61,"loc":{"start":{"line":61,"column":5},"end":{"line":61,"column":17}}},"5":{"name":"(anonymous_5)","line":82,"loc":{"start":{"line":82,"column":5},"end":{"line":82,"column":17}}},"6":{"name":"(anonymous_6)","line":91,"loc":{"start":{"line":91,"column":77},"end":{"line":94,"column":10}}},"7":{"name":"(anonymous_7)","line":112,"loc":{"start":{"line":112,"column":83},"end":{"line":115,"column":10}},"skip":true},"8":{"name":"(anonymous_8)","line":123,"loc":{"start":{"line":123,"column":77},"end":{"line":126,"column":10}},"skip":true},"9":{"name":"(anonymous_9)","line":139,"loc":{"start":{"line":139,"column":12},"end":{"line":139,"column":40}},"skip":true},"10":{"name":"(anonymous_10)","line":147,"loc":{"start":{"line":147,"column":77},"end":{"line":150,"column":10}},"skip":true},"11":{"name":"(anonymous_11)","line":158,"loc":{"start":{"line":158,"column":83},"end":{"line":161,"column":10}},"skip":true},"12":{"name":"(anonymous_12)","line":169,"loc":{"start":{"line":169,"column":79},"end":{"line":172,"column":10}},"skip":true},"13":{"name":"(anonymous_13)","line":180,"loc":{"start":{"line":180,"column":75},"end":{"line":183,"column":10}},"skip":true}},"statementMap":{"1":{"start":{"line":12,"column":0},"end":{"line":195,"column":5}},"2":{"start":{"line":14,"column":4},"end":{"line":14,"column":14}},"3":{"start":{"line":19,"column":4},"end":{"line":56,"column":9}},"4":{"start":{"line":21,"column":8},"end":{"line":21,"column":19}},"5":{"start":{"line":23,"column":8},"end":{"line":35,"column":13}},"6":{"start":{"line":24,"column":12},"end":{"line":34,"column":13}},"7":{"start":{"line":25,"column":16},"end":{"line":28,"column":30}},"8":{"start":{"line":30,"column":16},"end":{"line":33,"column":27}},"9":{"start":{"line":37,"column":8},"end":{"line":39,"column":21}},"10":{"start":{"line":40,"column":8},"end":{"line":53,"column":9}},"11":{"start":{"line":43,"column":12},"end":{"line":46,"column":14}},"12":{"start":{"line":47,"column":12},"end":{"line":47,"column":18}},"13":{"start":{"line":50,"column":12},"end":{"line":51,"column":46}},"14":{"start":{"line":52,"column":12},"end":{"line":52,"column":18}},"15":{"start":{"line":55,"column":8},"end":{"line":55,"column":35}},"16":{"start":{"line":61,"column":4},"end":{"line":63,"column":9}},"17":{"start":{"line":62,"column":8},"end":{"line":62,"column":15}},"18":{"start":{"line":64,"column":4},"end":{"line":77,"column":5}},"19":{"start":{"line":70,"column":8},"end":{"line":70,"column":14}},"20":{"start":{"line":76,"column":8},"end":{"line":76,"column":14}},"21":{"start":{"line":82,"column":4},"end":{"line":84,"column":9}},"22":{"start":{"line":83,"column":8},"end":{"line":83,"column":15}},"23":{"start":{"line":85,"column":4},"end":{"line":194,"column":5}},"24":{"start":{"line":91,"column":8},"end":{"line":99,"column":10}},"25":{"start":{"line":98,"column":12},"end":{"line":98,"column":35}},"26":{"start":{"line":102,"column":8},"end":{"line":104,"column":63}},"27":{"start":{"line":105,"column":8},"end":{"line":105,"column":14}},"28":{"start":{"line":112,"column":8},"end":{"line":121,"column":10},"skip":true},"29":{"start":{"line":119,"column":12},"end":{"line":119,"column":55},"skip":true},"30":{"start":{"line":120,"column":12},"end":{"line":120,"column":48},"skip":true},"31":{"start":{"line":123,"column":8},"end":{"line":136,"column":10},"skip":true},"32":{"start":{"line":130,"column":12},"end":{"line":130,"column":76},"skip":true},"33":{"start":{"line":131,"column":12},"end":{"line":131,"column":73},"skip":true},"34":{"start":{"line":132,"column":12},"end":{"line":132,"column":74},"skip":true},"35":{"start":{"line":133,"column":12},"end":{"line":133,"column":79},"skip":true},"36":{"start":{"line":134,"column":12},"end":{"line":134,"column":25},"skip":true},"37":{"start":{"line":135,"column":12},"end":{"line":135,"column":45},"skip":true},"38":{"start":{"line":138,"column":8},"end":{"line":145,"column":14},"skip":true},"39":{"start":{"line":143,"column":16},"end":{"line":143,"column":29},"skip":true},"40":{"start":{"line":144,"column":16},"end":{"line":144,"column":55},"skip":true},"41":{"start":{"line":147,"column":8},"end":{"line":156,"column":10},"skip":true},"42":{"start":{"line":154,"column":12},"end":{"line":154,"column":25},"skip":true},"43":{"start":{"line":155,"column":12},"end":{"line":155,"column":45},"skip":true},"44":{"start":{"line":158,"column":8},"end":{"line":167,"column":10},"skip":true},"45":{"start":{"line":165,"column":12},"end":{"line":165,"column":25},"skip":true},"46":{"start":{"line":166,"column":12},"end":{"line":166,"column":48},"skip":true},"47":{"start":{"line":169,"column":8},"end":{"line":178,"column":10},"skip":true},"48":{"start":{"line":176,"column":12},"end":{"line":176,"column":25},"skip":true},"49":{"start":{"line":177,"column":12},"end":{"line":177,"column":46},"skip":true},"50":{"start":{"line":180,"column":8},"end":{"line":189,"column":10},"skip":true},"51":{"start":{"line":187,"column":12},"end":{"line":187,"column":94},"skip":true},"52":{"start":{"line":188,"column":12},"end":{"line":188,"column":48},"skip":true},"53":{"start":{"line":192,"column":8},"end":{"line":192,"column":35},"skip":true},"54":{"start":{"line":193,"column":8},"end":{"line":193,"column":14},"skip":true}},"branchMap":{"1":{"line":25,"type":"binary-expr","locations":[{"start":{"line":25,"column":23},"end":{"line":25,"column":62}},{"start":{"line":26,"column":20},"end":{"line":26,"column":70}},{"start":{"line":27,"column":20},"end":{"line":27,"column":71}},{"start":{"line":28,"column":20},"end":{"line":28,"column":29}}]},"2":{"line":30,"type":"binary-expr","locations":[{"start":{"line":30,"column":23},"end":{"line":30,"column":37}},{"start":{"line":31,"column":20},"end":{"line":31,"column":61}},{"start":{"line":32,"column":20},"end":{"line":32,"column":70}},{"start":{"line":33,"column":20},"end":{"line":33,"column":26}}]},"3":{"line":37,"type":"cond-expr","locations":[{"start":{"line":38,"column":14},"end":{"line":38,"column":20}},{"start":{"line":39,"column":14},"end":{"line":39,"column":20}}]},"4":{"line":40,"type":"switch","locations":[{"start":{"line":42,"column":8},"end":{"line":47,"column":18}},{"start":{"line":49,"column":8},"end":{"line":52,"column":18}}]},"5":{"line":44,"type":"binary-expr","locations":[{"start":{"line":44,"column":16},"end":{"line":44,"column":44}},{"start":{"line":44,"column":48},"end":{"line":44,"column":66}}]},"6":{"line":50,"type":"binary-expr","locations":[{"start":{"line":50,"column":21},"end":{"line":50,"column":49}},{"start":{"line":50,"column":53},"end":{"line":50,"column":72}}]},"7":{"line":64,"type":"switch","locations":[{"start":{"line":69,"column":4},"end":{"line":70,"column":14}},{"start":{"line":75,"column":4},"end":{"line":76,"column":14}}]},"8":{"line":85,"type":"switch","locations":[{"start":{"line":90,"column":4},"end":{"line":105,"column":14}},{"start":{"line":111,"column":4},"end":{"line":193,"column":14},"skip":true}]},"9":{"line":91,"type":"binary-expr","locations":[{"start":{"line":91,"column":42},"end":{"line":91,"column":73}},{"start":{"line":91,"column":77},"end":{"line":99,"column":9}}]},"10":{"line":102,"type":"binary-expr","locations":[{"start":{"line":102,"column":18},"end":{"line":102,"column":32}},{"start":{"line":103,"column":12},"end":{"line":103,"column":53}},{"start":{"line":104,"column":12},"end":{"line":104,"column":61}}]},"11":{"line":112,"type":"binary-expr","locations":[{"start":{"line":112,"column":45},"end":{"line":112,"column":79},"skip":true},{"start":{"line":112,"column":83},"end":{"line":121,"column":9},"skip":true}]},"12":{"line":123,"type":"binary-expr","locations":[{"start":{"line":123,"column":42},"end":{"line":123,"column":73},"skip":true},{"start":{"line":123,"column":77},"end":{"line":136,"column":9},"skip":true}]},"13":{"line":138,"type":"binary-expr","locations":[{"start":{"line":138,"column":48},"end":{"line":138,"column":85},"skip":true},{"start":{"line":139,"column":12},"end":{"line":145,"column":13},"skip":true}]},"14":{"line":147,"type":"binary-expr","locations":[{"start":{"line":147,"column":42},"end":{"line":147,"column":73},"skip":true},{"start":{"line":147,"column":77},"end":{"line":156,"column":9},"skip":true}]},"15":{"line":158,"type":"binary-expr","locations":[{"start":{"line":158,"column":45},"end":{"line":158,"column":79},"skip":true},{"start":{"line":158,"column":83},"end":{"line":167,"column":9},"skip":true}]},"16":{"line":169,"type":"binary-expr","locations":[{"start":{"line":169,"column":43},"end":{"line":169,"column":75},"skip":true},{"start":{"line":169,"column":79},"end":{"line":178,"column":9},"skip":true}]},"17":{"line":180,"type":"binary-expr","locations":[{"start":{"line":180,"column":41},"end":{"line":180,"column":71},"skip":true},{"start":{"line":180,"column":75},"end":{"line":189,"column":9},"skip":true}]}},"code":["/* istanbul instrument in package npmtest_vash */","/*jslint","    bitwise: true,","    browser: true,","    maxerr: 8,","    maxlen: 96,","    node: true,","    nomen: true,","    regexp: true,","    stupid: true","*/","(function () {","    'use strict';","    var local;","","","","    // run shared js-env code - pre-init","    (function () {","        // init local","        local = {};","        // init modeJs","        local.modeJs = (function () {","            try {","                return typeof navigator.userAgent === 'string' &&","                    typeof document.querySelector('body') === 'object' &&","                    typeof XMLHttpRequest.prototype.open === 'function' &&","                    'browser';","            } catch (errorCaughtBrowser) {","                return module.exports &&","                    typeof process.versions.node === 'string' &&","                    typeof require('http').createServer === 'function' &&","                    'node';","            }","        }());","        // init global","        local.global = local.modeJs === 'browser'","            ? window","            : global;","        switch (local.modeJs) {","        // re-init local from window.local","        case 'browser':","            local = local.global.utility2.objectSetDefault(","                local.global.utility2_rollup || local.global.local,","                local.global.utility2","            );","            break;","        // re-init local from example.js","        case 'node':","            local = (local.global.utility2_rollup || require('utility2'))","                .requireExampleJsFromReadme();","            break;","        }","        // export local","        local.global.local = local;","    }());","","","","    // run shared js-env code - function","    (function () {","        return;","    }());","    switch (local.modeJs) {","","","","    // run browser js-env code - function","    case 'browser':","        break;","","","","    // run node js-env code - function","    case 'node':","        break;","    }","","","","    // run shared js-env code - post-init","    (function () {","        return;","    }());","    switch (local.modeJs) {","","","","    // run browser js-env code - post-init","    case 'browser':","        local.testCase_browser_nullCase = local.testCase_browser_nullCase || function (","            options,","            onError","        ) {","        /*","         * this function will test browsers's null-case handling-behavior-behavior","         */","            onError(null, options);","        };","","        // run tests","        local.nop(local.modeTest &&","            document.querySelector('#testRunButton1') &&","            document.querySelector('#testRunButton1').click());","        break;","","","","    // run node js-env code - post-init","    /* istanbul ignore next */","    case 'node':","        local.testCase_buildApidoc_default = local.testCase_buildApidoc_default || function (","            options,","            onError","        ) {","        /*","         * this function will test buildApidoc's default handling-behavior-behavior","         */","            options = { modulePathList: module.paths };","            local.buildApidoc(options, onError);","        };","","        local.testCase_buildApp_default = local.testCase_buildApp_default || function (","            options,","            onError","        ) {","        /*","         * this function will test buildApp's default handling-behavior-behavior","         */","            local.testCase_buildReadme_default(options, local.onErrorThrow);","            local.testCase_buildLib_default(options, local.onErrorThrow);","            local.testCase_buildTest_default(options, local.onErrorThrow);","            local.testCase_buildCustomOrg_default(options, local.onErrorThrow);","            options = [];","            local.buildApp(options, onError);","        };","","        local.testCase_buildCustomOrg_default = local.testCase_buildCustomOrg_default ||","            function (options, onError) {","            /*","             * this function will test buildCustomOrg's default handling-behavior","             */","                options = {};","                local.buildCustomOrg(options, onError);","            };","","        local.testCase_buildLib_default = local.testCase_buildLib_default || function (","            options,","            onError","        ) {","        /*","         * this function will test buildLib's default handling-behavior","         */","            options = {};","            local.buildLib(options, onError);","        };","","        local.testCase_buildReadme_default = local.testCase_buildReadme_default || function (","            options,","            onError","        ) {","        /*","         * this function will test buildReadme's default handling-behavior-behavior","         */","            options = {};","            local.buildReadme(options, onError);","        };","","        local.testCase_buildTest_default = local.testCase_buildTest_default || function (","            options,","            onError","        ) {","        /*","         * this function will test buildTest's default handling-behavior","         */","            options = {};","            local.buildTest(options, onError);","        };","","        local.testCase_webpage_default = local.testCase_webpage_default || function (","            options,","            onError","        ) {","        /*","         * this function will test webpage's default handling-behavior","         */","            options = { modeCoverageMerge: true, url: local.serverLocalHost + '?modeTest=1' };","            local.browserTest(options, onError);","        };","","        // run test-server","        local.testRunServer(local);","        break;","    }","}());",""],"l":{"12":2,"14":2,"19":2,"21":2,"23":2,"24":2,"25":2,"30":1,"37":2,"40":2,"43":1,"47":1,"50":1,"52":1,"55":2,"61":2,"62":2,"64":2,"70":1,"76":1,"82":2,"83":2,"85":2,"91":1,"98":1,"102":1,"105":1,"112":1,"119":1,"120":1,"123":1,"130":1,"131":1,"132":1,"133":1,"134":1,"135":1,"138":1,"143":2,"144":2,"147":1,"154":2,"155":2,"158":1,"165":2,"166":2,"169":1,"176":2,"177":2,"180":1,"187":1,"188":1,"192":1,"193":1}},"/home/travis/build/npmtest/node-npmtest-vash/lib.npmtest_vash.js":{"path":"/home/travis/build/npmtest/node-npmtest-vash/lib.npmtest_vash.js","s":{"1":2,"2":2,"3":2,"4":2,"5":2,"6":2,"7":2,"8":1,"9":2,"10":2,"11":2,"12":2,"13":1,"14":1,"15":1,"16":1},"b":{"1":[2,1,1,1],"2":[1,1,1,1],"3":[1,1],"4":[2,2],"5":[1,1]},"f":{"1":2,"2":2,"3":2},"fnMap":{"1":{"name":"(anonymous_1)","line":12,"loc":{"start":{"line":12,"column":1},"end":{"line":12,"column":13}}},"2":{"name":"(anonymous_2)","line":19,"loc":{"start":{"line":19,"column":5},"end":{"line":19,"column":17}}},"3":{"name":"(anonymous_3)","line":23,"loc":{"start":{"line":23,"column":24},"end":{"line":23,"column":36}}}},"statementMap":{"1":{"start":{"line":12,"column":0},"end":{"line":53,"column":5}},"2":{"start":{"line":14,"column":4},"end":{"line":14,"column":14}},"3":{"start":{"line":19,"column":4},"end":{"line":52,"column":9}},"4":{"start":{"line":21,"column":8},"end":{"line":21,"column":19}},"5":{"start":{"line":23,"column":8},"end":{"line":35,"column":13}},"6":{"start":{"line":24,"column":12},"end":{"line":34,"column":13}},"7":{"start":{"line":25,"column":16},"end":{"line":28,"column":30}},"8":{"start":{"line":30,"column":16},"end":{"line":33,"column":27}},"9":{"start":{"line":37,"column":8},"end":{"line":39,"column":21}},"10":{"start":{"line":41,"column":8},"end":{"line":41,"column":54}},"11":{"start":{"line":43,"column":8},"end":{"line":43,"column":49}},"12":{"start":{"line":45,"column":8},"end":{"line":51,"column":9}},"13":{"start":{"line":46,"column":12},"end":{"line":46,"column":55}},"14":{"start":{"line":48,"column":12},"end":{"line":48,"column":35}},"15":{"start":{"line":49,"column":12},"end":{"line":49,"column":49}},"16":{"start":{"line":50,"column":12},"end":{"line":50,"column":43}}},"branchMap":{"1":{"line":25,"type":"binary-expr","locations":[{"start":{"line":25,"column":23},"end":{"line":25,"column":62}},{"start":{"line":26,"column":20},"end":{"line":26,"column":70}},{"start":{"line":27,"column":20},"end":{"line":27,"column":71}},{"start":{"line":28,"column":20},"end":{"line":28,"column":29}}]},"2":{"line":30,"type":"binary-expr","locations":[{"start":{"line":30,"column":23},"end":{"line":30,"column":37}},{"start":{"line":31,"column":20},"end":{"line":31,"column":61}},{"start":{"line":32,"column":20},"end":{"line":32,"column":70}},{"start":{"line":33,"column":20},"end":{"line":33,"column":26}}]},"3":{"line":37,"type":"cond-expr","locations":[{"start":{"line":38,"column":14},"end":{"line":38,"column":20}},{"start":{"line":39,"column":14},"end":{"line":39,"column":20}}]},"4":{"line":41,"type":"binary-expr","locations":[{"start":{"line":41,"column":16},"end":{"line":41,"column":44}},{"start":{"line":41,"column":48},"end":{"line":41,"column":53}}]},"5":{"line":45,"type":"if","locations":[{"start":{"line":45,"column":8},"end":{"line":45,"column":8}},{"start":{"line":45,"column":8},"end":{"line":45,"column":8}}]}},"code":["/* istanbul instrument in package npmtest_vash */","/*jslint","    bitwise: true,","    browser: true,","    maxerr: 8,","    maxlen: 96,","    node: true,","    nomen: true,","    regexp: true,","    stupid: true","*/","(function () {","    'use strict';","    var local;","","","","    // run shared js-env code - pre-init","    (function () {","        // init local","        local = {};","        // init modeJs","        local.modeJs = (function () {","            try {","                return typeof navigator.userAgent === 'string' &&","                    typeof document.querySelector('body') === 'object' &&","                    typeof XMLHttpRequest.prototype.open === 'function' &&","                    'browser';","            } catch (errorCaughtBrowser) {","                return module.exports &&","                    typeof process.versions.node === 'string' &&","                    typeof require('http').createServer === 'function' &&","                    'node';","            }","        }());","        // init global","        local.global = local.modeJs === 'browser'","            ? window","            : global;","        // init utility2_rollup","        local = local.global.utility2_rollup || local;","        // init lib","        local.local = local.npmtest_vash = local;","        // init exports","        if (local.modeJs === 'browser') {","            local.global.utility2_npmtest_vash = local;","        } else {","            module.exports = local;","            module.exports.__dirname = __dirname;","            module.exports.module = module;","        }","    }());","}());",""],"l":{"12":2,"14":2,"19":2,"21":2,"23":2,"24":2,"25":2,"30":1,"37":2,"41":2,"43":2,"45":2,"46":1,"48":1,"49":1,"50":1}},"/home/travis/build/npmtest/node-npmtest-vash/example.js":{"path":"/home/travis/build/npmtest/node-npmtest-vash/example.js","s":{"1":2,"2":2,"3":2,"4":2,"5":2,"6":2,"7":2,"8":1,"9":2,"10":2,"11":2,"12":2,"13":1,"14":2,"15":2,"16":2,"17":2,"18":2,"19":0,"20":2,"21":1,"22":1,"23":1,"24":1,"25":1,"26":0,"27":0,"28":1,"29":1,"30":2,"31":0,"32":0,"33":0,"34":1,"35":2,"36":2,"37":3,"38":3,"39":3,"40":3,"41":0,"42":3,"43":3,"44":3,"45":1,"46":3,"47":1,"48":1,"49":1,"50":1,"51":1,"52":1,"53":1,"54":1,"55":1,"56":1,"57":0,"58":1,"59":6,"60":6,"61":1,"62":2,"63":0,"64":2,"65":1,"66":1,"67":0,"68":0,"69":0,"70":0,"71":0,"72":0,"73":0,"74":0,"75":0,"76":0,"77":0,"78":0,"79":0,"80":0,"81":0,"82":0,"83":0},"b":{"1":[2,1,1,1],"2":[1,1,1,1],"3":[1,1],"4":[2,2],"5":[1,1],"6":[1,1],"7":[2,0],"8":[2,1,1,1,1,1],"9":[0,2,0],"10":[1,1],"11":[2,1,1],"12":[1,0],"13":[0,2],"14":[2,0,0,0,0,0,0],"15":[0,3],"16":[3,0],"17":[1,1],"18":[0,1],"19":[1,2,0,2],"20":[1,0],"21":[1,1],"22":[0,0],"23":[0,0],"24":[0,0],"25":[0,0],"26":[0,0],"27":[0,0],"28":[0,0]},"f":{"1":2,"2":2,"3":2,"4":2,"5":2,"6":2,"7":3,"8":3,"9":3,"10":1,"11":6,"12":0},"fnMap":{"1":{"name":"(anonymous_1)","line":26,"loc":{"start":{"line":26,"column":1},"end":{"line":26,"column":13}}},"2":{"name":"(anonymous_2)","line":33,"loc":{"start":{"line":33,"column":5},"end":{"line":33,"column":17}}},"3":{"name":"(anonymous_3)","line":37,"loc":{"start":{"line":37,"column":24},"end":{"line":37,"column":36}}},"4":{"name":"(anonymous_4)","line":69,"loc":{"start":{"line":69,"column":31},"end":{"line":69,"column":48}},"skip":true},"5":{"name":"(anonymous_5)","line":78,"loc":{"start":{"line":78,"column":26},"end":{"line":78,"column":45}},"skip":true},"6":{"name":"(anonymous_6)","line":123,"loc":{"start":{"line":123,"column":33},"end":{"line":123,"column":48}},"skip":true},"7":{"name":"(anonymous_7)","line":125,"loc":{"start":{"line":125,"column":27},"end":{"line":125,"column":39}},"skip":true},"8":{"name":"(anonymous_8)","line":133,"loc":{"start":{"line":133,"column":59},"end":{"line":133,"column":74}},"skip":true},"9":{"name":"(anonymous_9)","line":143,"loc":{"start":{"line":143,"column":45},"end":{"line":143,"column":62}},"skip":true},"10":{"name":"(anonymous_10)","line":144,"loc":{"start":{"line":144,"column":73},"end":{"line":144,"column":92}},"skip":true},"11":{"name":"(anonymous_11)","line":272,"loc":{"start":{"line":272,"column":51},"end":{"line":272,"column":77}},"skip":true},"12":{"name":"(anonymous_12)","line":314,"loc":{"start":{"line":314,"column":32},"end":{"line":314,"column":61}},"skip":true}},"statementMap":{"1":{"start":{"line":26,"column":0},"end":{"line":325,"column":5}},"2":{"start":{"line":28,"column":4},"end":{"line":28,"column":14}},"3":{"start":{"line":33,"column":4},"end":{"line":60,"column":9}},"4":{"start":{"line":35,"column":8},"end":{"line":35,"column":19}},"5":{"start":{"line":37,"column":8},"end":{"line":49,"column":13}},"6":{"start":{"line":38,"column":12},"end":{"line":48,"column":13}},"7":{"start":{"line":39,"column":16},"end":{"line":42,"column":30}},"8":{"start":{"line":44,"column":16},"end":{"line":47,"column":27}},"9":{"start":{"line":51,"column":8},"end":{"line":53,"column":21}},"10":{"start":{"line":55,"column":8},"end":{"line":57,"column":45}},"11":{"start":{"line":59,"column":8},"end":{"line":59,"column":35}},"12":{"start":{"line":61,"column":4},"end":{"line":324,"column":5}},"13":{"start":{"line":69,"column":8},"end":{"line":121,"column":10},"skip":true},"14":{"start":{"line":70,"column":12},"end":{"line":88,"column":13},"skip":true},"15":{"start":{"line":76,"column":16},"end":{"line":87,"column":19},"skip":true},"16":{"start":{"line":79,"column":20},"end":{"line":86,"column":21},"skip":true},"17":{"start":{"line":82,"column":24},"end":{"line":82,"column":43},"skip":true},"18":{"start":{"line":83,"column":24},"end":{"line":83,"column":30},"skip":true},"19":{"start":{"line":85,"column":24},"end":{"line":85,"column":49},"skip":true},"20":{"start":{"line":89,"column":12},"end":{"line":107,"column":13},"skip":true},"21":{"start":{"line":92,"column":16},"end":{"line":102,"column":17},"skip":true},"22":{"start":{"line":93,"column":20},"end":{"line":93,"column":86},"skip":true},"23":{"start":{"line":94,"column":20},"end":{"line":95,"column":45},"skip":true},"24":{"start":{"line":96,"column":20},"end":{"line":96,"column":42},"skip":true},"25":{"start":{"line":97,"column":20},"end":{"line":97,"column":48},"skip":true},"26":{"start":{"line":100,"column":20},"end":{"line":100,"column":85},"skip":true},"27":{"start":{"line":101,"column":20},"end":{"line":101,"column":96},"skip":true},"28":{"start":{"line":103,"column":16},"end":{"line":103,"column":22},"skip":true},"29":{"start":{"line":106,"column":16},"end":{"line":106,"column":22},"skip":true},"30":{"start":{"line":108,"column":12},"end":{"line":120,"column":13},"skip":true},"31":{"start":{"line":114,"column":16},"end":{"line":119,"column":17},"skip":true},"32":{"start":{"line":116,"column":20},"end":{"line":116,"column":78},"skip":true},"33":{"start":{"line":118,"column":20},"end":{"line":118,"column":47},"skip":true},"34":{"start":{"line":123,"column":8},"end":{"line":141,"column":11},"skip":true},"35":{"start":{"line":124,"column":12},"end":{"line":124,"column":54},"skip":true},"36":{"start":{"line":125,"column":12},"end":{"line":140,"column":14},"skip":true},"37":{"start":{"line":126,"column":16},"end":{"line":126,"column":28},"skip":true},"38":{"start":{"line":127,"column":16},"end":{"line":127,"column":69},"skip":true},"39":{"start":{"line":128,"column":16},"end":{"line":128,"column":75},"skip":true},"40":{"start":{"line":129,"column":16},"end":{"line":131,"column":17},"skip":true},"41":{"start":{"line":130,"column":20},"end":{"line":130,"column":27},"skip":true},"42":{"start":{"line":133,"column":16},"end":{"line":137,"column":36},"skip":true},"43":{"start":{"line":134,"column":20},"end":{"line":136,"column":55},"skip":true},"44":{"start":{"line":139,"column":16},"end":{"line":139,"column":57},"skip":true},"45":{"start":{"line":143,"column":8},"end":{"line":147,"column":11},"skip":true},"46":{"start":{"line":144,"column":12},"end":{"line":146,"column":15},"skip":true},"47":{"start":{"line":145,"column":16},"end":{"line":145,"column":70},"skip":true},"48":{"start":{"line":149,"column":8},"end":{"line":149,"column":31},"skip":true},"49":{"start":{"line":150,"column":8},"end":{"line":150,"column":14},"skip":true},"50":{"start":{"line":158,"column":8},"end":{"line":158,"column":31},"skip":true},"51":{"start":{"line":160,"column":8},"end":{"line":160,"column":33},"skip":true},"52":{"start":{"line":161,"column":8},"end":{"line":161,"column":37},"skip":true},"53":{"start":{"line":162,"column":8},"end":{"line":162,"column":35},"skip":true},"54":{"start":{"line":164,"column":8},"end":{"line":164,"column":50},"skip":true},"55":{"start":{"line":166,"column":8},"end":{"line":256,"column":2},"skip":true},"56":{"start":{"line":258,"column":8},"end":{"line":286,"column":9},"skip":true},"57":{"start":{"line":259,"column":12},"end":{"line":269,"column":14},"skip":true},"58":{"start":{"line":271,"column":12},"end":{"line":285,"column":19},"skip":true},"59":{"start":{"line":274,"column":20},"end":{"line":274,"column":35},"skip":true},"60":{"start":{"line":275,"column":20},"end":{"line":284,"column":21},"skip":true},"61":{"start":{"line":277,"column":24},"end":{"line":277,"column":64},"skip":true},"62":{"start":{"line":279,"column":24},"end":{"line":279,"column":40},"skip":true},"63":{"start":{"line":281,"column":24},"end":{"line":281,"column":40},"skip":true},"64":{"start":{"line":283,"column":24},"end":{"line":283,"column":39},"skip":true},"65":{"start":{"line":288,"column":8},"end":{"line":290,"column":9},"skip":true},"66":{"start":{"line":289,"column":12},"end":{"line":289,"column":18},"skip":true},"67":{"start":{"line":291,"column":8},"end":{"line":293,"column":54},"skip":true},"68":{"start":{"line":294,"column":8},"end":{"line":301,"column":37},"skip":true},"69":{"start":{"line":302,"column":8},"end":{"line":302,"column":82},"skip":true},"70":{"start":{"line":305,"column":8},"end":{"line":307,"column":9},"skip":true},"71":{"start":{"line":306,"column":12},"end":{"line":306,"column":82},"skip":true},"72":{"start":{"line":309,"column":8},"end":{"line":311,"column":9},"skip":true},"73":{"start":{"line":310,"column":12},"end":{"line":310,"column":18},"skip":true},"74":{"start":{"line":312,"column":8},"end":{"line":312,"column":54},"skip":true},"75":{"start":{"line":313,"column":8},"end":{"line":313,"column":69},"skip":true},"76":{"start":{"line":314,"column":8},"end":{"line":322,"column":36},"skip":true},"77":{"start":{"line":315,"column":12},"end":{"line":315,"column":61},"skip":true},"78":{"start":{"line":316,"column":12},"end":{"line":319,"column":13},"skip":true},"79":{"start":{"line":317,"column":16},"end":{"line":317,"column":75},"skip":true},"80":{"start":{"line":318,"column":16},"end":{"line":318,"column":23},"skip":true},"81":{"start":{"line":320,"column":12},"end":{"line":320,"column":38},"skip":true},"82":{"start":{"line":321,"column":12},"end":{"line":321,"column":27},"skip":true},"83":{"start":{"line":323,"column":8},"end":{"line":323,"column":14},"skip":true}},"branchMap":{"1":{"line":39,"type":"binary-expr","locations":[{"start":{"line":39,"column":23},"end":{"line":39,"column":62}},{"start":{"line":40,"column":20},"end":{"line":40,"column":70}},{"start":{"line":41,"column":20},"end":{"line":41,"column":71}},{"start":{"line":42,"column":20},"end":{"line":42,"column":29}}]},"2":{"line":44,"type":"binary-expr","locations":[{"start":{"line":44,"column":23},"end":{"line":44,"column":37}},{"start":{"line":45,"column":20},"end":{"line":45,"column":61}},{"start":{"line":46,"column":20},"end":{"line":46,"column":70}},{"start":{"line":47,"column":20},"end":{"line":47,"column":26}}]},"3":{"line":51,"type":"cond-expr","locations":[{"start":{"line":52,"column":14},"end":{"line":52,"column":20}},{"start":{"line":53,"column":14},"end":{"line":53,"column":20}}]},"4":{"line":55,"type":"binary-expr","locations":[{"start":{"line":55,"column":16},"end":{"line":55,"column":44}},{"start":{"line":55,"column":49},"end":{"line":57,"column":43}}]},"5":{"line":55,"type":"cond-expr","locations":[{"start":{"line":56,"column":14},"end":{"line":56,"column":48}},{"start":{"line":57,"column":14},"end":{"line":57,"column":43}}]},"6":{"line":61,"type":"switch","locations":[{"start":{"line":68,"column":4},"end":{"line":150,"column":14},"skip":true},{"start":{"line":156,"column":4},"end":{"line":323,"column":14},"skip":true}]},"7":{"line":70,"type":"if","locations":[{"start":{"line":70,"column":12},"end":{"line":70,"column":12},"skip":true},{"start":{"line":70,"column":12},"end":{"line":70,"column":12},"skip":true}]},"8":{"line":70,"type":"binary-expr","locations":[{"start":{"line":70,"column":16},"end":{"line":70,"column":22},"skip":true},{"start":{"line":70,"column":27},"end":{"line":70,"column":32},"skip":true},{"start":{"line":71,"column":20},"end":{"line":71,"column":39},"skip":true},{"start":{"line":72,"column":20},"end":{"line":72,"column":49},"skip":true},{"start":{"line":73,"column":20},"end":{"line":73,"column":58},"skip":true},{"start":{"line":74,"column":20},"end":{"line":74,"column":69},"skip":true}]},"9":{"line":79,"type":"switch","locations":[{"start":{"line":80,"column":20},"end":{"line":80,"column":33},"skip":true},{"start":{"line":81,"column":20},"end":{"line":83,"column":30},"skip":true},{"start":{"line":84,"column":20},"end":{"line":85,"column":49},"skip":true}]},"10":{"line":89,"type":"switch","locations":[{"start":{"line":90,"column":12},"end":{"line":103,"column":22},"skip":true},{"start":{"line":105,"column":12},"end":{"line":106,"column":22},"skip":true}]},"11":{"line":89,"type":"binary-expr","locations":[{"start":{"line":89,"column":20},"end":{"line":89,"column":25},"skip":true},{"start":{"line":89,"column":29},"end":{"line":89,"column":48},"skip":true},{"start":{"line":89,"column":52},"end":{"line":89,"column":74},"skip":true}]},"12":{"line":92,"type":"if","locations":[{"start":{"line":92,"column":16},"end":{"line":92,"column":16},"skip":true},{"start":{"line":92,"column":16},"end":{"line":92,"column":16},"skip":true}]},"13":{"line":108,"type":"if","locations":[{"start":{"line":108,"column":12},"end":{"line":108,"column":12},"skip":true},{"start":{"line":108,"column":12},"end":{"line":108,"column":12},"skip":true}]},"14":{"line":108,"type":"binary-expr","locations":[{"start":{"line":108,"column":16},"end":{"line":108,"column":61},"skip":true},{"start":{"line":108,"column":66},"end":{"line":108,"column":72},"skip":true},{"start":{"line":108,"column":77},"end":{"line":108,"column":82},"skip":true},{"start":{"line":109,"column":20},"end":{"line":109,"column":39},"skip":true},{"start":{"line":110,"column":20},"end":{"line":110,"column":49},"skip":true},{"start":{"line":111,"column":20},"end":{"line":111,"column":58},"skip":true},{"start":{"line":112,"column":20},"end":{"line":112,"column":68},"skip":true}]},"15":{"line":129,"type":"if","locations":[{"start":{"line":129,"column":16},"end":{"line":129,"column":16},"skip":true},{"start":{"line":129,"column":16},"end":{"line":129,"column":16},"skip":true}]},"16":{"line":134,"type":"cond-expr","locations":[{"start":{"line":135,"column":26},"end":{"line":135,"column":29},"skip":true},{"start":{"line":136,"column":26},"end":{"line":136,"column":54},"skip":true}]},"17":{"line":164,"type":"binary-expr","locations":[{"start":{"line":164,"column":27},"end":{"line":164,"column":43},"skip":true},{"start":{"line":164,"column":47},"end":{"line":164,"column":49},"skip":true}]},"18":{"line":258,"type":"if","locations":[{"start":{"line":258,"column":8},"end":{"line":258,"column":8},"skip":true},{"start":{"line":258,"column":8},"end":{"line":258,"column":8},"skip":true}]},"19":{"line":275,"type":"switch","locations":[{"start":{"line":276,"column":20},"end":{"line":277,"column":64},"skip":true},{"start":{"line":278,"column":20},"end":{"line":279,"column":40},"skip":true},{"start":{"line":280,"column":20},"end":{"line":281,"column":40},"skip":true},{"start":{"line":282,"column":20},"end":{"line":283,"column":39},"skip":true}]},"20":{"line":288,"type":"if","locations":[{"start":{"line":288,"column":8},"end":{"line":288,"column":8},"skip":true},{"start":{"line":288,"column":8},"end":{"line":288,"column":8},"skip":true}]},"21":{"line":288,"type":"binary-expr","locations":[{"start":{"line":288,"column":12},"end":{"line":288,"column":40},"skip":true},{"start":{"line":288,"column":44},"end":{"line":288,"column":67},"skip":true}]},"22":{"line":292,"type":"binary-expr","locations":[{"start":{"line":292,"column":12},"end":{"line":292,"column":50},"skip":true},{"start":{"line":293,"column":12},"end":{"line":293,"column":53},"skip":true}]},"23":{"line":295,"type":"binary-expr","locations":[{"start":{"line":295,"column":12},"end":{"line":295,"column":62},"skip":true},{"start":{"line":296,"column":12},"end":{"line":301,"column":36},"skip":true}]},"24":{"line":302,"type":"binary-expr","locations":[{"start":{"line":302,"column":43},"end":{"line":302,"column":75},"skip":true},{"start":{"line":302,"column":79},"end":{"line":302,"column":81},"skip":true}]},"25":{"line":305,"type":"if","locations":[{"start":{"line":305,"column":8},"end":{"line":305,"column":8},"skip":true},{"start":{"line":305,"column":8},"end":{"line":305,"column":8},"skip":true}]},"26":{"line":309,"type":"if","locations":[{"start":{"line":309,"column":8},"end":{"line":309,"column":8},"skip":true},{"start":{"line":309,"column":8},"end":{"line":309,"column":8},"skip":true}]},"27":{"line":312,"type":"binary-expr","locations":[{"start":{"line":312,"column":27},"end":{"line":312,"column":43},"skip":true},{"start":{"line":312,"column":47},"end":{"line":312,"column":53},"skip":true}]},"28":{"line":316,"type":"if","locations":[{"start":{"line":316,"column":12},"end":{"line":316,"column":12},"skip":true},{"start":{"line":316,"column":12},"end":{"line":316,"column":12},"skip":true}]}},"code":["/*","example.js","","quickstart example","","instruction","    1. save this script as example.js","    2. run the shell command:","        $ npm install npmtest-vash && PORT=8081 node example.js","    3. play with the browser-demo on http://127.0.0.1:8081","*/","","","","/* istanbul instrument in package npmtest_vash */","/*jslint","    bitwise: true,","    browser: true,","    maxerr: 8,","    maxlen: 96,","    node: true,","    nomen: true,","    regexp: true,","    stupid: true","*/","(function () {","    'use strict';","    var local;","","","","    // run shared js-env code - pre-init","    (function () {","        // init local","        local = {};","        // init modeJs","        local.modeJs = (function () {","            try {","                return typeof navigator.userAgent === 'string' &&","                    typeof document.querySelector('body') === 'object' &&","                    typeof XMLHttpRequest.prototype.open === 'function' &&","                    'browser';","            } catch (errorCaughtBrowser) {","                return module.exports &&","                    typeof process.versions.node === 'string' &&","                    typeof require('http').createServer === 'function' &&","                    'node';","            }","        }());","        // init global","        local.global = local.modeJs === 'browser'","            ? window","            : global;","        // init utility2_rollup","        local = local.global.utility2_rollup || (local.modeJs === 'browser'","            ? local.global.utility2_npmtest_vash","            : global.utility2_moduleExports);","        // export local","        local.global.local = local;","    }());","    switch (local.modeJs) {","","","","    // post-init","    // run browser js-env code - post-init","    /* istanbul ignore next */","    case 'browser':","        local.testRunBrowser = function (event) {","            if (!event || (event &&","                    event.currentTarget &&","                    event.currentTarget.className &&","                    event.currentTarget.className.includes &&","                    event.currentTarget.className.includes('onreset'))) {","                // reset output","                Array.from(","                    document.querySelectorAll('body > .resettable')","                ).forEach(function (element) {","                    switch (element.tagName) {","                    case 'INPUT':","                    case 'TEXTAREA':","                        element.value = '';","                        break;","                    default:","                        element.textContent = '';","                    }","                });","            }","            switch (event && event.currentTarget && event.currentTarget.id) {","            case 'testRunButton1':","                // show tests","                if (document.querySelector('#testReportDiv1').style.display === 'none') {","                    document.querySelector('#testReportDiv1').style.display = 'block';","                    document.querySelector('#testRunButton1').textContent =","                        'hide internal test';","                    local.modeTest = true;","                    local.testRunDefault(local);","                // hide tests","                } else {","                    document.querySelector('#testReportDiv1').style.display = 'none';","                    document.querySelector('#testRunButton1').textContent = 'run internal test';","                }","                break;","            // custom-case","            default:","                break;","            }","            if (document.querySelector('#inputTextareaEval1') && (!event || (event &&","                    event.currentTarget &&","                    event.currentTarget.className &&","                    event.currentTarget.className.includes &&","                    event.currentTarget.className.includes('oneval')))) {","                // try to eval input-code","                try {","                    /*jslint evil: true*/","                    eval(document.querySelector('#inputTextareaEval1').value);","                } catch (errorCaught) {","                    console.error(errorCaught);","                }","            }","        };","        // log stderr and stdout to #outputTextareaStdout1","        ['error', 'log'].forEach(function (key) {","            console[key + '_original'] = console[key];","            console[key] = function () {","                var element;","                console[key + '_original'].apply(console, arguments);","                element = document.querySelector('#outputTextareaStdout1');","                if (!element) {","                    return;","                }","                // append text to #outputTextareaStdout1","                element.value += Array.from(arguments).map(function (arg) {","                    return typeof arg === 'string'","                        ? arg","                        : JSON.stringify(arg, null, 4);","                }).join(' ') + '\\n';","                // scroll textarea to bottom","                element.scrollTop = element.scrollHeight;","            };","        });","        // init event-handling","        ['change', 'click', 'keyup'].forEach(function (event) {","            Array.from(document.querySelectorAll('.on' + event)).forEach(function (element) {","                element.addEventListener(event, local.testRunBrowser);","            });","        });","        // run tests","        local.testRunBrowser();","        break;","","","","    // run node js-env code - post-init","    /* istanbul ignore next */","    case 'node':","        // export local","        module.exports = local;","        // require modules","        local.fs = require('fs');","        local.http = require('http');","        local.url = require('url');","        // init assets","        local.assetsDict = local.assetsDict || {};","        /* jslint-ignore-begin */","        local.assetsDict['/assets.index.template.html'] = '\\","<!doctype html>\\n\\","<html lang=\"en\">\\n\\","<head>\\n\\","<meta charset=\"UTF-8\">\\n\\","<meta name=\"viewport\" content=\"width=device-width, initial-scale=1\">\\n\\","<title>{{env.npm_package_name}} (v{{env.npm_package_version}})</title>\\n\\","<style>\\n\\","/*csslint\\n\\","    box-sizing: false,\\n\\","    universal-selector: false\\n\\","*/\\n\\","* {\\n\\","    box-sizing: border-box;\\n\\","}\\n\\","body {\\n\\","    background: #dde;\\n\\","    font-family: Arial, Helvetica, sans-serif;\\n\\","    margin: 2rem;\\n\\","}\\n\\","body > * {\\n\\","    margin-bottom: 1rem;\\n\\","}\\n\\",".utility2FooterDiv {\\n\\","    margin-top: 20px;\\n\\","    text-align: center;\\n\\","}\\n\\","</style>\\n\\","<style>\\n\\","/*csslint\\n\\","*/\\n\\","textarea {\\n\\","    font-family: monospace;\\n\\","    height: 10rem;\\n\\","    width: 100%;\\n\\","}\\n\\","textarea[readonly] {\\n\\","    background: #ddd;\\n\\","}\\n\\","</style>\\n\\","</head>\\n\\","<body>\\n\\","<!-- utility2-comment\\n\\","<div id=\"ajaxProgressDiv1\" style=\"background: #d00; height: 2px; left: 0; margin: 0; padding: 0; position: fixed; top: 0; transition: background 0.5s, width 1.5s; width: 25%;\"></div>\\n\\","utility2-comment -->\\n\\","<h1>\\n\\","<!-- utility2-comment\\n\\","    <a\\n\\","        {{#if env.npm_package_homepage}}\\n\\","        href=\"{{env.npm_package_homepage}}\"\\n\\","        {{/if env.npm_package_homepage}}\\n\\","        target=\"_blank\"\\n\\","    >\\n\\","utility2-comment -->\\n\\","        {{env.npm_package_name}} (v{{env.npm_package_version}})\\n\\","<!-- utility2-comment\\n\\","    </a>\\n\\","utility2-comment -->\\n\\","</h1>\\n\\","<h3>{{env.npm_package_description}}</h3>\\n\\","<!-- utility2-comment\\n\\","<h4><a download href=\"assets.app.js\">download standalone app</a></h4>\\n\\","<button class=\"onclick onreset\" id=\"testRunButton1\">run internal test</button><br>\\n\\","<div id=\"testReportDiv1\" style=\"display: none;\"></div>\\n\\","utility2-comment -->\\n\\","\\n\\","\\n\\","\\n\\","<label>stderr and stdout</label>\\n\\","<textarea class=\"resettable\" id=\"outputTextareaStdout1\" readonly></textarea>\\n\\","<!-- utility2-comment\\n\\","{{#if isRollup}}\\n\\","<script src=\"assets.app.js\"></script>\\n\\","{{#unless isRollup}}\\n\\","utility2-comment -->\\n\\","<script src=\"assets.utility2.rollup.js\"></script>\\n\\","<script src=\"jsonp.utility2._stateInit?callback=window.utility2._stateInit\"></script>\\n\\","<script src=\"assets.npmtest_vash.rollup.js\"></script>\\n\\","<script src=\"assets.example.js\"></script>\\n\\","<script src=\"assets.test.js\"></script>\\n\\","<!-- utility2-comment\\n\\","{{/if isRollup}}\\n\\","utility2-comment -->\\n\\","<div class=\"utility2FooterDiv\">\\n\\","    [ this app was created with\\n\\","    <a href=\"https://github.com/kaizhu256/node-utility2\" target=\"_blank\">utility2</a>\\n\\","    ]\\n\\","</div>\\n\\","</body>\\n\\","</html>\\n\\","';","        /* jslint-ignore-end */","        if (local.templateRender) {","            local.assetsDict['/'] = local.templateRender(","                local.assetsDict['/assets.index.template.html'],","                {","                    env: local.objectSetDefault(local.env, {","                        npm_package_description: 'the greatest app in the world!',","                        npm_package_name: 'my-app',","                        npm_package_nameAlias: 'my_app',","                        npm_package_version: '0.0.1'","                    })","                }","            );","        } else {","            local.assetsDict['/'] = local.assetsDict['/assets.index.template.html']","                .replace((/\\{\\{env\\.(\\w+?)\\}\\}/g), function (match0, match1) {","                    // jslint-hack","                    String(match0);","                    switch (match1) {","                    case 'npm_package_description':","                        return 'the greatest app in the world!';","                    case 'npm_package_name':","                        return 'my-app';","                    case 'npm_package_nameAlias':","                        return 'my_app';","                    case 'npm_package_version':","                        return '0.0.1';","                    }","                });","        }","        // run the cli","        if (local.global.utility2_rollup || module !== require.main) {","            break;","        }","        local.assetsDict['/assets.example.js'] =","            local.assetsDict['/assets.example.js'] ||","            local.fs.readFileSync(__filename, 'utf8');","        local.assetsDict['/assets.npmtest_vash.rollup.js'] =","            local.assetsDict['/assets.npmtest_vash.rollup.js'] ||","            local.fs.readFileSync(","                // buildCustomOrg-hack","                local.npmtest_vash.__dirname +","                    '/lib.npmtest_vash.js',","                'utf8'","            ).replace((/^#!/), '//');","        local.assetsDict['/favicon.ico'] = local.assetsDict['/favicon.ico'] || '';","        // if $npm_config_timeout_exit exists,","        // then exit this process after $npm_config_timeout_exit ms","        if (Number(process.env.npm_config_timeout_exit)) {","            setTimeout(process.exit, Number(process.env.npm_config_timeout_exit));","        }","        // start server","        if (local.global.utility2_serverHttp1) {","            break;","        }","        process.env.PORT = process.env.PORT || '8081';","        console.error('server starting on port ' + process.env.PORT);","        local.http.createServer(function (request, response) {","            request.urlParsed = local.url.parse(request.url);","            if (local.assetsDict[request.urlParsed.pathname] !== undefined) {","                response.end(local.assetsDict[request.urlParsed.pathname]);","                return;","            }","            response.statusCode = 404;","            response.end();","        }).listen(process.env.PORT);","        break;","    }","}());",""],"l":{"26":2,"28":2,"33":2,"35":2,"37":2,"38":2,"39":2,"44":1,"51":2,"55":2,"59":2,"61":2,"69":1,"70":2,"76":2,"79":2,"82":2,"83":2,"85":1,"89":2,"92":1,"93":1,"94":1,"96":1,"97":1,"100":1,"101":1,"103":1,"106":1,"108":2,"114":1,"116":1,"118":1,"123":1,"124":2,"125":2,"126":3,"127":3,"128":3,"129":3,"130":1,"133":3,"134":3,"139":3,"143":1,"144":3,"145":1,"149":1,"150":1,"158":1,"160":1,"161":1,"162":1,"164":1,"166":1,"258":1,"259":1,"271":1,"274":6,"275":6,"277":1,"279":2,"281":1,"283":2,"288":1,"289":1,"291":1,"294":1,"302":1,"305":1,"306":1,"309":1,"310":1,"312":1,"313":1,"314":1,"315":1,"316":1,"317":1,"318":1,"320":1,"321":1,"323":1}},"/home/travis/build/npmtest/node-npmtest-vash/node_modules/vash/index.js":{"path":"/home/travis/build/npmtest/node-npmtest-vash/node_modules/vash/index.js","s":{"1":1,"2":1,"3":1,"4":1,"5":1,"6":1,"7":1,"8":1,"9":1,"10":1,"11":1,"12":1,"13":1,"14":0,"15":1,"16":0,"17":0,"18":0,"19":0,"20":0,"21":0,"22":0,"23":0,"24":0,"25":0,"26":0,"27":0,"28":0,"29":0,"30":0,"31":0,"32":0,"33":0,"34":1,"35":1},"b":{"1":[0,0],"2":[0,0],"3":[0,0]},"f":{"1":0,"2":0},"fnMap":{"1":{"name":"(anonymous_1)","line":40,"loc":{"start":{"line":40,"column":24},"end":{"line":40,"column":35}}},"2":{"name":"(anonymous_2)","line":46,"loc":{"start":{"line":46,"column":18},"end":{"line":46,"column":44}}}},"statementMap":{"1":{"start":{"line":1,"column":0},"end":{"line":1,"column":28}},"2":{"start":{"line":2,"column":0},"end":{"line":2,"column":28}},"3":{"start":{"line":4,"column":0},"end":{"line":4,"column":35}},"4":{"start":{"line":5,"column":0},"end":{"line":5,"column":37}},"5":{"start":{"line":6,"column":0},"end":{"line":6,"column":39}},"6":{"start":{"line":7,"column":0},"end":{"line":7,"column":35}},"7":{"start":{"line":8,"column":0},"end":{"line":8,"column":47}},"8":{"start":{"line":9,"column":0},"end":{"line":9,"column":44}},"9":{"start":{"line":13,"column":0},"end":{"line":13,"column":25}},"10":{"start":{"line":14,"column":0},"end":{"line":14,"column":26}},"11":{"start":{"line":16,"column":0},"end":{"line":36,"column":1}},"12":{"start":{"line":38,"column":0},"end":{"line":38,"column":52}},"13":{"start":{"line":40,"column":0},"end":{"line":44,"column":1}},"14":{"start":{"line":43,"column":2},"end":{"line":43,"column":36}},"15":{"start":{"line":46,"column":0},"end":{"line":76,"column":1}},"16":{"start":{"line":48,"column":2},"end":{"line":50,"column":3}},"17":{"start":{"line":49,"column":4},"end":{"line":49,"column":62}},"18":{"start":{"line":52,"column":2},"end":{"line":52,"column":56}},"19":{"start":{"line":54,"column":2},"end":{"line":54,"column":22}},"20":{"start":{"line":56,"column":2},"end":{"line":56,"column":18}},"21":{"start":{"line":57,"column":2},"end":{"line":57,"column":24}},"22":{"start":{"line":59,"column":2},"end":{"line":59,"column":27}},"23":{"start":{"line":60,"column":2},"end":{"line":60,"column":18}},"24":{"start":{"line":61,"column":2},"end":{"line":61,"column":18}},"25":{"start":{"line":62,"column":2},"end":{"line":62,"column":39}},"26":{"start":{"line":62,"column":23},"end":{"line":62,"column":39}},"27":{"start":{"line":64,"column":2},"end":{"line":64,"column":17}},"28":{"start":{"line":67,"column":2},"end":{"line":67,"column":32}},"29":{"start":{"line":69,"column":2},"end":{"line":69,"column":20}},"30":{"start":{"line":71,"column":2},"end":{"line":71,"column":43}},"31":{"start":{"line":72,"column":2},"end":{"line":72,"column":15}},"32":{"start":{"line":73,"column":2},"end":{"line":73,"column":41}},"33":{"start":{"line":75,"column":2},"end":{"line":75,"column":13}},"34":{"start":{"line":99,"column":0},"end":{"line":99,"column":77}},"35":{"start":{"line":116,"column":0},"end":{"line":116,"column":94}}},"branchMap":{"1":{"line":48,"type":"if","locations":[{"start":{"line":48,"column":2},"end":{"line":48,"column":2}},{"start":{"line":48,"column":2},"end":{"line":48,"column":2}}]},"2":{"line":48,"type":"binary-expr","locations":[{"start":{"line":48,"column":5},"end":{"line":48,"column":18}},{"start":{"line":48,"column":22},"end":{"line":48,"column":48}}]},"3":{"line":52,"type":"binary-expr","locations":[{"start":{"line":52,"column":41},"end":{"line":52,"column":48}},{"start":{"line":52,"column":52},"end":{"line":52,"column":54}}]}},"code":["var debug = require('debug')","var lg = debug('vash:main');","","var Lexer = require('./lib/lexer');","var Parser = require('./lib/parser');","var codegen = require('./lib/codegen');","var runtime = require('./runtime');","var helperbatch = require('./lib/helperbatch');","var copyrtl = require('./lib/util/copyrtl');","","// Attach all runtime exports to enable backwards compatible behavior,","// like `vash.install` to still be accessible in a full build.","require('./lib/helpers');","copyrtl(exports, runtime);","","exports.config = {","","  // Parser Options","  favorText: false,","  // TODO: are these even needed with proper codegen?","  saveAT: false,","  saveTextTag: false,","","  // Compiler Options","  useWith: false,","  htmlEscape: true,","  helpersName: 'html',","  modelName: 'model',","  debug: true,","  source: null,","  simple: false,","","  // Runtime options","  asHelper: false,","  args: null // Internal, for compiled helpers","}","","exports.version = require('./package.json').version;","","exports.compileStream = function() {","  // This could eventually handle waiting until a `null`","  // is pushed into the lexer, etc.","  throw new Error('NotImplemented');","}","","exports.compile = function(markup, options) {","","  if(markup === '' || typeof markup !== 'string') {","    throw new Error('Empty or non-string cannot be compiled');","  }","","  var opts = copyrtl({}, exports.config, options || {});","","  var l = new Lexer();","","  l.write(markup);","  var tokens = l.read();","","  var p = new Parser(opts);","  p.write(tokens);","  var more = true;","  while(more !== null) more = p.read();","","  p.checkStack();","","  // Stash the original input (new lines normalized by the lexer).","  opts.source = l.originalInput;","","  p.lg(p.dumpAST());","","  var compiled = codegen(p.stack[0], opts);","  lg(compiled);","  var tpl = runtime.link(compiled, opts);","","  return tpl;","}","","///////////////////////////////////////////////////////////////////////////","// VASH.COMPILEHELPER","//","// Allow multiple helpers to be compiled as templates, for helpers that","// do a lot of markup output.","//","// Takes a template such as:","//","//    vash.helpers.p = function(text){","//      <p>@text</p>","//    }","//","// And compiles it. The template is then added to `vash.helpers`.","//","// Returns the compiled templates as named properties of an object.","//","// This is string manipulation at its... something. It grabs the arguments","// and function name using a regex, not actual parsing. Definitely error-","// prone, but good enough. This is meant to facilitate helpers with complex","// markup, but if something more advanced needs to happen, a plain helper","// can be defined and markup added using the manual Buffer API.","exports['compileHelper'] = helperbatch.bind(null, 'helper', exports.compile);","","///////////////////////////////////////////////////////////////////////////","// VASH.COMPILEBATCH","//","// Allow multiple templates to be contained within the same string.","// Templates are separated via a sourceURL-esque string:","//","// //@batch = tplname/or/path","//","// The separator is forgiving in terms of whitespace:","//","// // @      batch=tplname/or/path","//","// Is just as valid.","//","// Returns the compiled templates as named properties of an object.","exports['compileBatch'] = exports['batch'] = helperbatch.bind(null, 'batch', exports.compile);"],"l":{"1":1,"2":1,"4":1,"5":1,"6":1,"7":1,"8":1,"9":1,"13":1,"14":1,"16":1,"38":1,"40":1,"43":0,"46":1,"48":0,"49":0,"52":0,"54":0,"56":0,"57":0,"59":0,"60":0,"61":0,"62":0,"64":0,"67":0,"69":0,"71":0,"72":0,"73":0,"75":0,"99":1,"116":1}},"/home/travis/build/npmtest/node-npmtest-vash/node_modules/vash/lib/lexer.js":{"path":"/home/travis/build/npmtest/node-npmtest-vash/node_modules/vash/lib/lexer.js","s":{"1":1,"2":1,"3":1,"4":0,"5":0,"6":0,"7":0,"8":0,"9":1,"10":1,"11":0,"12":0,"13":0,"14":0,"15":0,"16":0,"17":0,"18":0,"19":0,"20":0,"21":0,"22":0,"23":0,"24":0,"25":0,"26":0,"27":0,"28":0,"29":0,"30":0,"31":0,"32":0,"33":0,"34":0,"35":0,"36":0,"37":0,"38":0,"39":0,"40":0},"b":{"1":[0,0],"2":[0,0],"3":[0,0],"4":[0,0],"5":[0,0],"6":[0,0],"7":[0,0]},"f":{"1":0,"2":0,"3":0,"4":0,"5":0,"6":0},"fnMap":{"1":{"name":"VLexer","line":8,"loc":{"start":{"line":8,"column":0},"end":{"line":8,"column":17}}},"2":{"name":"(anonymous_2)","line":20,"loc":{"start":{"line":20,"column":9},"end":{"line":20,"column":25}}},"3":{"name":"(anonymous_3)","line":33,"loc":{"start":{"line":33,"column":8},"end":{"line":33,"column":19}}},"4":{"name":"(anonymous_4)","line":47,"loc":{"start":{"line":47,"column":8},"end":{"line":47,"column":30}}},"5":{"name":"(anonymous_5)","line":57,"loc":{"start":{"line":57,"column":19},"end":{"line":57,"column":29}}},"6":{"name":"(anonymous_6)","line":69,"loc":{"start":{"line":69,"column":12},"end":{"line":69,"column":23}}}},"statementMap":{"1":{"start":{"line":1,"column":0},"end":{"line":1,"column":29}},"2":{"start":{"line":2,"column":0},"end":{"line":2,"column":33}},"3":{"start":{"line":8,"column":0},"end":{"line":14,"column":1}},"4":{"start":{"line":9,"column":2},"end":{"line":9,"column":32}},"5":{"start":{"line":10,"column":2},"end":{"line":10,"column":18}},"6":{"start":{"line":11,"column":2},"end":{"line":11,"column":26}},"7":{"start":{"line":12,"column":2},"end":{"line":12,"column":18}},"8":{"start":{"line":13,"column":2},"end":{"line":13,"column":18}},"9":{"start":{"line":16,"column":0},"end":{"line":16,"column":24}},"10":{"start":{"line":18,"column":0},"end":{"line":92,"column":1}},"11":{"start":{"line":21,"column":4},"end":{"line":21,"column":53}},"12":{"start":{"line":24,"column":4},"end":{"line":26,"column":5}},"13":{"start":{"line":25,"column":6},"end":{"line":25,"column":53}},"14":{"start":{"line":28,"column":4},"end":{"line":28,"column":29}},"15":{"start":{"line":29,"column":4},"end":{"line":29,"column":37}},"16":{"start":{"line":30,"column":4},"end":{"line":30,"column":16}},"17":{"start":{"line":34,"column":4},"end":{"line":35,"column":15}},"18":{"start":{"line":36,"column":4},"end":{"line":43,"column":5}},"19":{"start":{"line":37,"column":6},"end":{"line":37,"column":30}},"20":{"start":{"line":38,"column":6},"end":{"line":42,"column":7}},"21":{"start":{"line":39,"column":8},"end":{"line":39,"column":25}},"22":{"start":{"line":40,"column":8},"end":{"line":41,"column":83}},"23":{"start":{"line":44,"column":4},"end":{"line":44,"column":15}},"24":{"start":{"line":48,"column":4},"end":{"line":48,"column":24}},"25":{"start":{"line":49,"column":4},"end":{"line":66,"column":5}},"26":{"start":{"line":50,"column":6},"end":{"line":50,"column":59}},"27":{"start":{"line":52,"column":6},"end":{"line":62,"column":8}},"28":{"start":{"line":58,"column":10},"end":{"line":60,"column":52}},"29":{"start":{"line":64,"column":6},"end":{"line":64,"column":40}},"30":{"start":{"line":65,"column":6},"end":{"line":65,"column":19}},"31":{"start":{"line":71,"column":4},"end":{"line":71,"column":30}},"32":{"start":{"line":73,"column":4},"end":{"line":90,"column":5}},"33":{"start":{"line":74,"column":6},"end":{"line":74,"column":31}},"34":{"start":{"line":75,"column":6},"end":{"line":75,"column":41}},"35":{"start":{"line":77,"column":6},"end":{"line":80,"column":7}},"36":{"start":{"line":79,"column":8},"end":{"line":79,"column":33}},"37":{"start":{"line":82,"column":6},"end":{"line":85,"column":7}},"38":{"start":{"line":84,"column":8},"end":{"line":84,"column":50}},"39":{"start":{"line":87,"column":6},"end":{"line":89,"column":7}},"40":{"start":{"line":88,"column":8},"end":{"line":88,"column":22}}},"branchMap":{"1":{"line":24,"type":"if","locations":[{"start":{"line":24,"column":4},"end":{"line":24,"column":4}},{"start":{"line":24,"column":4},"end":{"line":24,"column":4}}]},"2":{"line":38,"type":"if","locations":[{"start":{"line":38,"column":6},"end":{"line":38,"column":6}},{"start":{"line":38,"column":6},"end":{"line":38,"column":6}}]},"3":{"line":49,"type":"if","locations":[{"start":{"line":49,"column":4},"end":{"line":49,"column":4}},{"start":{"line":49,"column":4},"end":{"line":49,"column":4}}]},"4":{"line":56,"type":"binary-expr","locations":[{"start":{"line":56,"column":14},"end":{"line":56,"column":25}},{"start":{"line":56,"column":29},"end":{"line":56,"column":31}}]},"5":{"line":77,"type":"if","locations":[{"start":{"line":77,"column":6},"end":{"line":77,"column":6}},{"start":{"line":77,"column":6},"end":{"line":77,"column":6}}]},"6":{"line":82,"type":"if","locations":[{"start":{"line":82,"column":6},"end":{"line":82,"column":6}},{"start":{"line":82,"column":6},"end":{"line":82,"column":6}}]},"7":{"line":87,"type":"if","locations":[{"start":{"line":87,"column":6},"end":{"line":87,"column":6}},{"start":{"line":87,"column":6},"end":{"line":87,"column":6}}]}},"code":["var debug = require('debug');","var tokens = require('./tokens');","","// This pattern and basic lexer code were originally from the","// Jade lexer, but have been modified:","// https://github.com/visionmedia/jade/blob/master/lib/lexer.js","","function VLexer(){","  this.lg = debug('vash:lexer');","  this.input = '';","  this.originalInput = '';","  this.lineno = 1;","  this.charno = 0;","}","","module.exports = VLexer;","","VLexer.prototype = {","","  write: function(input) {","    var normalized = input.replace(/\\r\\n|\\r/g, '\\n');","","    // Kill BOM if this is the first chunk.","    if (this.originalInput.length == 0) {","      normalized = normalized.replace(/^\\uFEFF/, '');","    }","","    this.input += normalized;","    this.originalInput += normalized;","    return true;","  },","","  read: function() {","    var out = []","      , result;","    while(this.input.length) {","      result = this.advance();","      if (result) {","        out.push(result);","        this.lg('Read %s at line %d, column %d with content %s',","          result.type, result.line, result.chr, result.val.replace(/(\\n)/, '\\\\n'));","      }","    }","    return out;","  },","","  scan: function(regexp, type){","    var captures, token;","    if (captures = regexp.exec(this.input)) {","      this.input = this.input.substr((captures[1].length));","","      token = {","        type: type","        ,line: this.lineno","        ,chr: this.charno","        ,val: captures[1] || ''","        ,toString: function(){","          return '[' + this.type","            + ' (' + this.line + ',' + this.chr + '): '","            + this.val.replace(/(\\n)/, '\\\\n') + ']';","        }","      };","","      this.charno += captures[0].length;","      return token;","    }","  }","","  ,advance: function() {","","    var i, name, test, result;","","    for(i = 0; i < tokens.tests.length; i += 2){","      test = tokens.tests[i+1];","      test.displayName = tokens.tests[i];","","      if(typeof test === 'function'){","        // assume complex callback","        result = test.call(this);","      }","","      if(typeof test.exec === 'function'){","        // assume regex","        result = this.scan(test, tokens.tests[i]);","      }","","      if( result ){","        return result;","      }","    }","  }","}",""],"l":{"1":1,"2":1,"8":1,"9":0,"10":0,"11":0,"12":0,"13":0,"16":1,"18":1,"21":0,"24":0,"25":0,"28":0,"29":0,"30":0,"34":0,"36":0,"37":0,"38":0,"39":0,"40":0,"44":0,"48":0,"49":0,"50":0,"52":0,"58":0,"64":0,"65":0,"71":0,"73":0,"74":0,"75":0,"77":0,"79":0,"82":0,"84":0,"87":0,"88":0}},"/home/travis/build/npmtest/node-npmtest-vash/node_modules/vash/lib/tokens.js":{"path":"/home/travis/build/npmtest/node-npmtest-vash/node_modules/vash/lib/tokens.js","s":{"1":1,"2":0,"3":0,"4":0,"5":0,"6":0,"7":1,"8":1,"9":43},"b":{"1":[0,0]},"f":{"1":0},"fnMap":{"1":{"name":"(anonymous_1)","line":67,"loc":{"start":{"line":67,"column":15},"end":{"line":67,"column":25}}}},"statementMap":{"1":{"start":{"line":13,"column":0},"end":{"line":93,"column":2}},"2":{"start":{"line":68,"column":4},"end":{"line":68,"column":52}},"3":{"start":{"line":69,"column":4},"end":{"line":72,"column":5}},"4":{"start":{"line":70,"column":6},"end":{"line":70,"column":20}},"5":{"start":{"line":71,"column":6},"end":{"line":71,"column":22}},"6":{"start":{"line":73,"column":4},"end":{"line":73,"column":17}},"7":{"start":{"line":95,"column":0},"end":{"line":95,"column":22}},"8":{"start":{"line":98,"column":0},"end":{"line":100,"column":1}},"9":{"start":{"line":99,"column":2},"end":{"line":99,"column":31}}},"branchMap":{"1":{"line":69,"type":"if","locations":[{"start":{"line":69,"column":4},"end":{"line":69,"column":4}},{"start":{"line":69,"column":4},"end":{"line":69,"column":4}}]}},"code":["// The order of these is important, as it is the order in which","// they are run against the input string.","// They are separated out here to allow for better minification","// with the least amount of effort from me. :)","","// Any function instead of regex is called with the lexer as the","// context.","","// NOTE: this is an array, not an object literal! The () around","// the regexps are for the sake of the syntax highlighter in my","// editor... sublimetext2","","var TESTS = [","","  // A real email address is considerably more complex, and unfortunately","  // this complexity makes it impossible to differentiate between an address","  // and an AT expression.","  //","  // Instead, this regex assumes the only valid characters for the user portion","  // of the address are alphanumeric, period, and %. This means that a complex email like","  // who-something@example.com will be interpreted as an email, but incompletely. `who-`","  // will be content, while `something@example.com` will be the email address.","  //","  // However, this is \"Good Enough\"© :).","    'EMAIL', (/^([a-zA-Z0-9.%]+@[a-zA-Z0-9.\\-]+\\.(?:[a-z]{2}|co\\.uk|com|edu|net|org))\\b/)","","  , 'AT_STAR_OPEN', (/^(@\\*)/)","  , 'AT_STAR_CLOSE', (/^(\\*@)/)","","","  , 'AT_COLON', (/^(@\\:)/)","  , 'AT', (/^(@)/)","","","  , 'PAREN_OPEN', (/^(\\()/)","  , 'PAREN_CLOSE', (/^(\\))/)","","","  , 'HARD_PAREN_OPEN', (/^(\\[)/)","  , 'HARD_PAREN_CLOSE', (/^(\\])/)","","","  , 'BRACE_OPEN', (/^(\\{)/)","  , 'BRACE_CLOSE', (/^(\\})/)","","","  , 'HTML_TAG_VOID_CLOSE', (/^(\\/>)/)","  , 'HTML_TAG_CLOSE', (/^(<\\/)/)","  , 'HTML_COMMENT_OPEN', (/^(<!--+)/)","  , 'HTML_COMMENT_CLOSE', (/^(--+>)/)","  , 'LT_SIGN', (/^(<)/)","  , 'GT_SIGN', (/^(>)/)","","  , 'ASSIGNMENT_OPERATOR', (/^(\\|=|\\^=|&=|>>>=|>>=|<<=|-=|\\+=|%=|\\/=|\\*=)\\b/) // Also =","  , 'EQUALITY_OPERATOR', (/^(===|==|!==|!=)\\b/)","  , 'BITWISE_SHIFT_OPERATOR', (/^(<<|>>>|>>)/)","  , 'UNARY_OPERATOR', (/^(delete\\b|typeof\\b|void|\\+\\+|--|\\+|-|~|!)/)","  , 'RELATIONAL_OPERATOR', (/^(<=|>=|instanceof|in)\\b/) // Also <, >","  , 'BINARY_LOGICAL_OPERATOR', (/^(&&|\\|\\|)\\b/)","  , 'BINARY_BITWISE_OPERATOR', (/^(&|\\^|\\|)\\b/)","  , 'NEW_OPERATOR', (/^(new)\\b/)","  , 'COMMA_OPERATOR', (/^(,)/)","","  , 'EQUAL_SIGN', (/^(=)/)","  , 'COLON', (/^(:)/)","  , 'PERIOD', (/^(\\.)/)","  , 'NEWLINE', function(){","    var token = this.scan(/^(\\n)/, exports.NEWLINE);","    if(token){","      this.lineno++;","      this.charno = 0;","    }","    return token;","  }","  , 'WHITESPACE', (/^([^\\S\\n]+)/) // http://stackoverflow.com/a/3469155","  , 'FUNCTION', (/^(function)(?![\\d\\w])/)","  , 'BLOCK_KEYWORD', (/^(catch|do|else if|else|finally|for|function|goto|if|switch|try|while|with)(?![\\d\\w])/)","  , 'KEYWORD', (/^(break|case|continue|instanceof|return|var)(?![\\d\\w])/)","  , 'IDENTIFIER', (/^([_$a-zA-Z\\xA0-\\uFFFF][_$a-zA-Z0-9\\xA0-\\uFFFF]*)/)","","  , 'DOUBLE_FORWARD_SLASH', (/^(\\/\\/)/)","","  , 'FORWARD_SLASH', (/^(\\/)/)","","  , 'BACKSLASH', (/^(\\\\)/)","  , 'EXCLAMATION_POINT', (/^(!)/)","  , 'DOUBLE_QUOTE', (/^(\\\")/)","  , 'SINGLE_QUOTE', (/^(\\')/)","","  , 'NUMERAL', (/^([0-9])/)","  , 'CONTENT', (/^([^\\s])/)","","];","","exports.tests = TESTS;","","// Export all the tokens as constants.","for(var i = 0; i < TESTS.length; i += 2) {","  exports[TESTS[i]] = TESTS[i];","}"],"l":{"13":1,"68":0,"69":0,"70":0,"71":0,"73":0,"95":1,"98":1,"99":43}},"/home/travis/build/npmtest/node-npmtest-vash/node_modules/vash/lib/parser.js":{"path":"/home/travis/build/npmtest/node-npmtest-vash/node_modules/vash/lib/parser.js","s":{"1":1,"2":1,"3":1,"4":1,"5":1,"6":1,"7":1,"8":1,"9":1,"10":1,"11":1,"12":1,"13":1,"14":1,"15":1,"16":1,"17":1,"18":1,"19":1,"20":0,"21":0,"22":0,"23":0,"24":0,"25":0,"26":0,"27":0,"28":1,"29":1,"30":0,"31":0,"32":1,"33":0,"34":0,"35":0,"36":0,"37":0,"38":1,"39":0,"40":0,"41":0,"42":0,"43":0,"44":0,"45":0,"46":0,"47":0,"48":0,"49":0,"50":0,"51":0,"52":0,"53":0,"54":0,"55":0,"56":0,"57":0,"58":0,"59":0,"60":0,"61":0,"62":0,"63":0,"64":0,"65":0,"66":0,"67":0,"68":0,"69":0,"70":0,"71":0,"72":0,"73":0,"74":0,"75":0,"76":0,"77":0,"78":0,"79":0,"80":0,"81":0,"82":0,"83":0,"84":0,"85":1,"86":0,"87":0,"88":0,"89":0,"90":0,"91":0,"92":0,"93":0,"94":0,"95":0,"96":0,"97":0,"98":1,"99":0,"100":0,"101":0,"102":1,"103":0,"104":0,"105":0,"106":0,"107":1,"108":0,"109":0,"110":0,"111":0,"112":0,"113":0,"114":1,"115":0,"116":0,"117":0,"118":0,"119":0,"120":0,"121":0,"122":0,"123":1,"124":0,"125":0,"126":0,"127":0,"128":0,"129":0,"130":0,"131":0,"132":0,"133":0,"134":0,"135":0,"136":0,"137":0,"138":0,"139":0,"140":1,"141":0,"142":0,"143":0,"144":0,"145":0,"146":0,"147":0,"148":0,"149":0,"150":0,"151":0,"152":0,"153":0,"154":0,"155":0,"156":0,"157":0,"158":0,"159":0,"160":0,"161":0,"162":0,"163":0,"164":0,"165":0,"166":0,"167":0,"168":0,"169":0,"170":0,"171":0,"172":0,"173":0,"174":0,"175":0,"176":0,"177":0,"178":0,"179":0,"180":0,"181":0,"182":0,"183":0,"184":0,"185":0,"186":0,"187":0,"188":0,"189":0,"190":0,"191":0,"192":0,"193":0,"194":0,"195":0,"196":0,"197":0,"198":0,"199":0,"200":0,"201":1,"202":0,"203":0,"204":0,"205":0,"206":0,"207":0,"208":0,"209":0,"210":0,"211":0,"212":0,"213":0,"214":0,"215":0,"216":0,"217":0,"218":0,"219":0,"220":0,"221":0,"222":0,"223":0,"224":0,"225":0,"226":0,"227":0,"228":0,"229":0,"230":0,"231":1,"232":0,"233":0,"234":0,"235":0,"236":0,"237":0,"238":0,"239":0,"240":0,"241":0,"242":0,"243":0,"244":0,"245":0,"246":0,"247":0,"248":0,"249":0,"250":0,"251":0,"252":0,"253":0,"254":0,"255":0,"256":0,"257":0,"258":0,"259":0,"260":0,"261":0,"262":0,"263":0,"264":0,"265":0,"266":0,"267":0,"268":0,"269":0,"270":0,"271":0,"272":0,"273":0,"274":0,"275":0,"276":0,"277":0,"278":0,"279":0,"280":0,"281":0,"282":1,"283":0,"284":0,"285":0,"286":0,"287":0,"288":0,"289":0,"290":0,"291":0,"292":0,"293":0,"294":0,"295":0,"296":0,"297":0,"298":1,"299":0,"300":0,"301":0,"302":0,"303":0,"304":0,"305":0,"306":0,"307":0,"308":0,"309":0,"310":0,"311":0,"312":0,"313":0,"314":0,"315":0,"316":0,"317":0,"318":0,"319":0,"320":0,"321":0,"322":0,"323":0,"324":0,"325":0,"326":0,"327":0,"328":0,"329":0,"330":0,"331":0,"332":0,"333":0,"334":0,"335":1,"336":0,"337":0,"338":0,"339":0,"340":0,"341":0,"342":0,"343":0,"344":0,"345":0,"346":0,"347":0,"348":0,"349":0,"350":0,"351":0,"352":0,"353":0,"354":0,"355":0,"356":0,"357":0,"358":0,"359":0,"360":0,"361":0,"362":0,"363":0,"364":0,"365":0,"366":0,"367":0,"368":0,"369":0,"370":0,"371":0,"372":0,"373":0,"374":1,"375":0,"376":0,"377":0,"378":0,"379":0,"380":0,"381":0,"382":0,"383":0,"384":0,"385":0,"386":0,"387":0,"388":0,"389":0,"390":0,"391":0,"392":0,"393":0,"394":0,"395":0,"396":1,"397":0,"398":0,"399":0,"400":0,"401":0,"402":0,"403":0,"404":0,"405":0,"406":0,"407":0,"408":0,"409":0,"410":0,"411":0,"412":0,"413":0,"414":0,"415":0,"416":0,"417":0,"418":0,"419":0,"420":0,"421":0,"422":0,"423":0,"424":0,"425":0,"426":0,"427":0,"428":0,"429":0,"430":0,"431":0,"432":0,"433":0,"434":0,"435":0,"436":0,"437":0,"438":0,"439":0,"440":0,"441":0,"442":0,"443":0,"444":0,"445":0,"446":0,"447":0,"448":0,"449":0,"450":0,"451":0,"452":0,"453":0,"454":0,"455":0,"456":0,"457":0,"458":0,"459":0,"460":0,"461":0,"462":0,"463":0,"464":0,"465":0,"466":0,"467":0,"468":0,"469":0,"470":0,"471":0,"472":0,"473":0,"474":0,"475":0,"476":0,"477":0,"478":0,"479":0,"480":0,"481":0,"482":0,"483":0,"484":0,"485":0,"486":0,"487":0,"488":0,"489":0,"490":0,"491":0,"492":0,"493":0,"494":0,"495":0,"496":0,"497":0,"498":0,"499":0,"500":0,"501":0,"502":0,"503":0,"504":0,"505":1,"506":0,"507":0,"508":0,"509":0,"510":0,"511":0,"512":0,"513":0,"514":0,"515":0,"516":0,"517":0,"518":0,"519":0,"520":0,"521":0,"522":0,"523":0,"524":0,"525":0,"526":0,"527":0,"528":0,"529":0,"530":0,"531":0,"532":1,"533":0,"534":0,"535":0,"536":0,"537":0,"538":0,"539":0,"540":1,"541":0,"542":0,"543":0,"544":0,"545":0,"546":1,"547":0,"548":0,"549":0,"550":0,"551":0,"552":1,"553":0,"554":0,"555":0},"b":{"1":[0,0],"2":[0,0],"3":[0,0],"4":[0,0],"5":[0,0],"6":[0,0],"7":[0,0],"8":[0,0,0],"9":[0,0],"10":[0,0,0],"11":[0,0],"12":[0,0],"13":[0,0],"14":[0,0],"15":[0,0],"16":[0,0],"17":[0,0],"18":[0,0],"19":[0,0],"20":[0,0],"21":[0,0],"22":[0,0],"23":[0,0],"24":[0,0],"25":[0,0],"26":[0,0],"27":[0,0],"28":[0,0],"29":[0,0],"30":[0,0],"31":[0,0],"32":[0,0],"33":[0,0],"34":[0,0],"35":[0,0],"36":[0,0],"37":[0,0,0,0,0,0],"38":[0,0],"39":[0,0,0,0],"40":[0,0],"41":[0,0],"42":[0,0],"43":[0,0],"44":[0,0],"45":[0,0],"46":[0,0],"47":[0,0],"48":[0,0],"49":[0,0,0,0],"50":[0,0],"51":[0,0],"52":[0,0],"53":[0,0],"54":[0,0],"55":[0,0,0,0,0,0,0],"56":[0,0],"57":[0,0,0],"58":[0,0],"59":[0,0],"60":[0,0,0,0],"61":[0,0],"62":[0,0],"63":[0,0],"64":[0,0],"65":[0,0,0,0],"66":[0,0],"67":[0,0],"68":[0,0],"69":[0,0,0,0],"70":[0,0],"71":[0,0],"72":[0,0],"73":[0,0],"74":[0,0],"75":[0,0],"76":[0,0],"77":[0,0],"78":[0,0],"79":[0,0,0],"80":[0,0],"81":[0,0,0,0],"82":[0,0],"83":[0,0,0,0,0,0],"84":[0,0],"85":[0,0],"86":[0,0],"87":[0,0],"88":[0,0],"89":[0,0,0,0],"90":[0,0],"91":[0,0,0,0,0,0,0,0,0,0,0],"92":[0,0],"93":[0,0,0,0,0],"94":[0,0],"95":[0,0],"96":[0,0],"97":[0,0],"98":[0,0],"99":[0,0],"100":[0,0],"101":[0,0,0],"102":[0,0],"103":[0,0],"104":[0,0],"105":[0,0],"106":[0,0,0],"107":[0,0],"108":[0,0,0],"109":[0,0],"110":[0,0],"111":[0,0,0],"112":[0,0],"113":[0,0,0],"114":[0,0],"115":[0,0],"116":[0,0],"117":[0,0],"118":[0,0],"119":[0,0],"120":[0,0],"121":[0,0,0],"122":[0,0],"123":[0,0,0,0,0,0],"124":[0,0],"125":[0,0,0],"126":[0,0],"127":[0,0],"128":[0,0],"129":[0,0,0],"130":[0,0],"131":[0,0,0],"132":[0,0],"133":[0,0],"134":[0,0],"135":[0,0],"136":[0,0],"137":[0,0],"138":[0,0],"139":[0,0],"140":[0,0,0],"141":[0,0],"142":[0,0,0,0],"143":[0,0],"144":[0,0,0],"145":[0,0],"146":[0,0,0,0,0],"147":[0,0],"148":[0,0,0,0],"149":[0,0],"150":[0,0,0],"151":[0,0],"152":[0,0],"153":[0,0],"154":[0,0],"155":[0,0,0,0],"156":[0,0],"157":[0,0],"158":[0,0],"159":[0,0],"160":[0,0],"161":[0,0,0,0,0],"162":[0,0],"163":[0,0,0,0,0],"164":[0,0],"165":[0,0],"166":[0,0,0],"167":[0,0],"168":[0,0,0],"169":[0,0],"170":[0,0,0,0],"171":[0,0],"172":[0,0],"173":[0,0],"174":[0,0],"175":[0,0],"176":[0,0],"177":[0,0,0],"178":[0,0],"179":[0,0],"180":[0,0,0,0,0,0],"181":[0,0],"182":[0,0],"183":[0,0],"184":[0,0],"185":[0,0,0],"186":[0,0],"187":[0,0,0,0,0,0],"188":[0,0],"189":[0,0],"190":[0,0],"191":[0,0],"192":[0,0],"193":[0,0],"194":[0,0],"195":[0,0,0],"196":[0,0],"197":[0,0],"198":[0,0],"199":[0,0]},"f":{"1":0,"2":0,"3":0,"4":0,"5":0,"6":0,"7":0,"8":0,"9":0,"10":0,"11":0,"12":0,"13":0,"14":0,"15":0,"16":0,"17":0,"18":0,"19":0,"20":0,"21":0,"22":0,"23":0,"24":0},"fnMap":{"1":{"name":"Parser","line":23,"loc":{"start":{"line":23,"column":0},"end":{"line":23,"column":22}}},"2":{"name":"(anonymous_2)","line":36,"loc":{"start":{"line":36,"column":33},"end":{"line":36,"column":61}}},"3":{"name":"(anonymous_3)","line":48,"loc":{"start":{"line":48,"column":25},"end":{"line":48,"column":42}}},"4":{"name":"(anonymous_4)","line":50,"loc":{"start":{"line":50,"column":31},"end":{"line":50,"column":45}}},"5":{"name":"(anonymous_5)","line":54,"loc":{"start":{"line":54,"column":24},"end":{"line":54,"column":35}}},"6":{"name":"(anonymous_6)","line":142,"loc":{"start":{"line":142,"column":30},"end":{"line":142,"column":41}}},"7":{"name":"(anonymous_7)","line":168,"loc":{"start":{"line":168,"column":24},"end":{"line":168,"column":52}}},"8":{"name":"(anonymous_8)","line":177,"loc":{"start":{"line":177,"column":27},"end":{"line":177,"column":38}}},"9":{"name":"(anonymous_9)","line":186,"loc":{"start":{"line":186,"column":28},"end":{"line":186,"column":58}}},"10":{"name":"(anonymous_10)","line":199,"loc":{"start":{"line":199,"column":29},"end":{"line":199,"column":44}}},"11":{"name":"(anonymous_11)","line":217,"loc":{"start":{"line":217,"column":39},"end":{"line":217,"column":66}}},"12":{"name":"(anonymous_12)","line":243,"loc":{"start":{"line":243,"column":38},"end":{"line":243,"column":65}}},"13":{"name":"(anonymous_13)","line":384,"loc":{"start":{"line":384,"column":47},"end":{"line":384,"column":74}}},"14":{"name":"(anonymous_14)","line":459,"loc":{"start":{"line":459,"column":45},"end":{"line":459,"column":79}}},"15":{"name":"(anonymous_15)","line":601,"loc":{"start":{"line":601,"column":45},"end":{"line":601,"column":72}}},"16":{"name":"(anonymous_16)","line":624,"loc":{"start":{"line":624,"column":42},"end":{"line":624,"column":69}}},"17":{"name":"(anonymous_17)","line":704,"loc":{"start":{"line":704,"column":50},"end":{"line":704,"column":77}}},"18":{"name":"(anonymous_18)","line":792,"loc":{"start":{"line":792,"column":37},"end":{"line":792,"column":64}}},"19":{"name":"(anonymous_19)","line":841,"loc":{"start":{"line":841,"column":37},"end":{"line":841,"column":78}}},"20":{"name":"(anonymous_20)","line":1118,"loc":{"start":{"line":1118,"column":47},"end":{"line":1118,"column":74}}},"21":{"name":"updateLoc","line":1169,"loc":{"start":{"line":1169,"column":0},"end":{"line":1169,"column":32}}},"22":{"name":"ensureTextNode","line":1182,"loc":{"start":{"line":1182,"column":0},"end":{"line":1182,"column":35}}},"23":{"name":"appendTextValue","line":1193,"loc":{"start":{"line":1193,"column":0},"end":{"line":1193,"column":42}}},"24":{"name":"newUnexpectedClosingTagError","line":1204,"loc":{"start":{"line":1204,"column":0},"end":{"line":1204,"column":60}}}},"statementMap":{"1":{"start":{"line":2,"column":0},"end":{"line":2,"column":29}},"2":{"start":{"line":4,"column":0},"end":{"line":4,"column":30}},"3":{"start":{"line":5,"column":0},"end":{"line":5,"column":39}},"4":{"start":{"line":6,"column":0},"end":{"line":6,"column":31}},"5":{"start":{"line":7,"column":0},"end":{"line":7,"column":39}},"6":{"start":{"line":9,"column":0},"end":{"line":9,"column":52}},"7":{"start":{"line":10,"column":0},"end":{"line":10,"column":46}},"8":{"start":{"line":11,"column":0},"end":{"line":11,"column":50}},"9":{"start":{"line":12,"column":0},"end":{"line":12,"column":64}},"10":{"start":{"line":13,"column":0},
[...]
ne":264,"column":5}},"102":{"start":{"line":263,"column":6},"end":{"line":263,"column":32}},"103":{"start":{"line":268,"column":2},"end":{"line":268,"column":52}},"104":{"start":{"line":271,"column":0},"end":{"line":283,"column":1}},"105":{"start":{"line":272,"column":2},"end":{"line":272,"column":28}},"106":{"start":{"line":274,"column":2},"end":{"line":277,"column":53}},"107":{"start":{"line":279,"column":2},"end":{"line":279,"column":20}},"108":{"start":{"line":280,"column":2},"end":{"line":280,"column":42}},"109":{"start":{"line":282,"column":2},"end":{"line":282,"column":29}},"110":{"start":{"line":285,"column":0},"end":{"line":287,"column":1}},"111":{"start":{"line":286,"column":2},"end":{"line":286,"column":52}},"112":{"start":{"line":289,"column":0},"end":{"line":291,"column":1}},"113":{"start":{"line":290,"column":2},"end":{"line":290,"column":53}}},"branchMap":{"1":{"line":12,"type":"if","locations":[{"start":{"line":12,"column":0},"end":{"line":12,"column":0}},{"start":{"line":12,"column":0},"end":{"line":12,"column":0}}]},"2":{"line":42,"type":"binary-expr","locations":[{"start":{"line":42,"column":37},"end":{"line":42,"column":44}},{"start":{"line":42,"column":48},"end":{"line":42,"column":50}}]},"3":{"line":47,"type":"if","locations":[{"start":{"line":47,"column":2},"end":{"line":47,"column":2}},{"start":{"line":47,"column":2},"end":{"line":47,"column":2}}]},"4":{"line":47,"type":"binary-expr","locations":[{"start":{"line":47,"column":6},"end":{"line":47,"column":14}},{"start":{"line":47,"column":18},"end":{"line":47,"column":34}},{"start":{"line":47,"column":38},"end":{"line":47,"column":60}}]},"5":{"line":51,"type":"if","locations":[{"start":{"line":51,"column":4},"end":{"line":51,"column":4}},{"start":{"line":51,"column":4},"end":{"line":51,"column":4}}]},"6":{"line":56,"type":"if","locations":[{"start":{"line":56,"column":4},"end":{"line":56,"column":4}},{"start":{"line":56,"column":4},"end":{"line":56,"column":4}}]},"7":{"line":57,"type":"binary-expr","locations":[{"start":{"line":57,"column":26},"end":{"line":57,"column":57}},{"start":{"line":57,"column":61},"end":{"line":57,"column":67}}]},"8":{"line":64,"type":"cond-expr","locations":[{"start":{"line":65,"column":8},"end":{"line":65,"column":118}},{"start":{"line":66,"column":8},"end":{"line":66,"column":57}}]},"9":{"line":64,"type":"binary-expr","locations":[{"start":{"line":64,"column":10},"end":{"line":64,"column":23}},{"start":{"line":64,"column":27},"end":{"line":64,"column":34}}]},"10":{"line":65,"type":"binary-expr","locations":[{"start":{"line":65,"column":8},"end":{"line":65,"column":34}},{"start":{"line":65,"column":40},"end":{"line":65,"column":116}}]},"11":{"line":68,"type":"binary-expr","locations":[{"start":{"line":68,"column":4},"end":{"line":68,"column":6}},{"start":{"line":68,"column":10},"end":{"line":68,"column":23}}]},"12":{"line":70,"type":"binary-expr","locations":[{"start":{"line":70,"column":4},"end":{"line":70,"column":6}},{"start":{"line":70,"column":10},"end":{"line":70,"column":21}}]},"13":{"line":80,"type":"binary-expr","locations":[{"start":{"line":80,"column":13},"end":{"line":80,"column":17}},{"start":{"line":80,"column":21},"end":{"line":83,"column":6}}]},"14":{"line":82,"type":"if","locations":[{"start":{"line":82,"column":6},"end":{"line":82,"column":6}},{"start":{"line":82,"column":6},"end":{"line":82,"column":6}}]},"15":{"line":88,"type":"binary-expr","locations":[{"start":{"line":88,"column":17},"end":{"line":88,"column":29}},{"start":{"line":88,"column":33},"end":{"line":88,"column":35}}]},"16":{"line":89,"type":"binary-expr","locations":[{"start":{"line":89,"column":18},"end":{"line":89,"column":31}},{"start":{"line":89,"column":35},"end":{"line":89,"column":37}}]},"17":{"line":90,"type":"binary-expr","locations":[{"start":{"line":90,"column":16},"end":{"line":90,"column":27}},{"start":{"line":90,"column":31},"end":{"line":90,"column":33}}]},"18":{"line":92,"type":"binary-expr","locations":[{"start":{"line":92,"column":20},"end":{"line":92,"column":35}},{"start":{"line":92,"column":39},"end":{"line":92,"column":41}}]},"19":{"line":118,"type":"binary-expr","locations":[{"start":{"line":118,"column":4},"end":{"line":118,"column":12}},{"start":{"line":118,"column":16},"end":{"line":118,"column":77}}]},"20":{"line":123,"type":"binary-expr","locations":[{"start":{"line":123,"column":4},"end":{"line":123,"column":9}},{"start":{"line":123,"column":13},"end":{"line":123,"column":44}}]},"21":{"line":125,"type":"binary-expr","locations":[{"start":{"line":125,"column":4},"end":{"line":125,"column":11}},{"start":{"line":125,"column":15},"end":{"line":125,"column":75}}]},"22":{"line":164,"type":"if","locations":[{"start":{"line":164,"column":4},"end":{"line":164,"column":4}},{"start":{"line":164,"column":4},"end":{"line":164,"column":4}}]},"23":{"line":169,"type":"binary-expr","locations":[{"start":{"line":169,"column":14},"end":{"line":169,"column":18}},{"start":{"line":169,"column":22},"end":{"line":169,"column":24}}]},"24":{"line":190,"type":"if","locations":[{"start":{"line":190,"column":4},"end":{"line":190,"column":4}},{"start":{"line":190,"column":4},"end":{"line":190,"column":4}}]},"25":{"line":231,"type":"if","locations":[{"start":{"line":231,"column":4},"end":{"line":231,"column":4}},{"start":{"line":231,"column":4},"end":{"line":231,"column":4}}]},"26":{"line":232,"type":"binary-expr","locations":[{"start":{"line":232,"column":9},"end":{"line":232,"column":14}},{"start":{"line":232,"column":18},"end":{"line":232,"column":28}}]},"27":{"line":243,"type":"binary-expr","locations":[{"start":{"line":243,"column":13},"end":{"line":243,"column":34}},{"start":{"line":243,"column":40},"end":{"line":243,"column":66}}]},"28":{"line":245,"type":"binary-expr","locations":[{"start":{"line":245,"column":14},"end":{"line":245,"column":31}},{"start":{"line":245,"column":37},"end":{"line":245,"column":59}}]},"29":{"line":251,"type":"if","locations":[{"start":{"line":251,"column":2},"end":{"line":251,"column":2}},{"start":{"line":251,"column":2},"end":{"line":251,"column":2}}]},"30":{"line":257,"type":"if","locations":[{"start":{"line":257,"column":4},"end":{"line":257,"column":4}},{"start":{"line":257,"column":4},"end":{"line":257,"column":4}}]},"31":{"line":257,"type":"binary-expr","locations":[{"start":{"line":257,"column":8},"end":{"line":257,"column":22}},{"start":{"line":257,"column":26},"end":{"line":257,"column":43}}]},"32":{"line":262,"type":"if","locations":[{"start":{"line":262,"column":4},"end":{"line":262,"column":4}},{"start":{"line":262,"column":4},"end":{"line":262,"column":4}}]},"33":{"line":262,"type":"binary-expr","locations":[{"start":{"line":262,"column":8},"end":{"line":262,"column":22}},{"start":{"line":262,"column":26},"end":{"line":262,"column":42}}]},"34":{"line":277,"type":"binary-expr","locations":[{"start":{"line":277,"column":18},"end":{"line":277,"column":29}},{"start":{"line":277,"column":35},"end":{"line":277,"column":51}}]}},"code":["var helpers = require('../../runtime').helpers;","var copyrtl = require('../util/copyrtl');","","// For now, using the layout helpers requires a full build. For now.","var vash = require('../../index');","module.exports = vash;","","///////////////////////////////////////////////////////////////////////////","// LAYOUT HELPERS","","// semi hacky guard to prevent non-nodejs erroring","if( typeof window === 'undefined' ){","  var  fs = require('fs')","    ,path = require('path')","}","","// TRUE implies that all TPLS are loaded and waiting in cache","helpers.config.browser = false;","","vash.loadFile = function(filepath, options, cb){","","  // options are passed in via Express","  // {","  //   settings:","  //   {","  //      env: 'development',","  //    'jsonp callback name': 'callback',","  //    'json spaces': 2,","  //    views: '/Users/drew/Dropbox/js/vash/test/fixtures/views',","  //    'view engine': 'vash'","  //   },","  //   _locals: [Function: locals],","  //   cache: false","  // }","","  // The only required options are:","  //","  // settings: {","  //     views: ''","  // }","","  options = copyrtl({}, vash.config, options || {});","","  var browser = helpers.config.browser","    ,tpl","","  if( !browser && options.settings && options.settings.views ){","    // this will really only have an effect on windows","    filepath = path.normalize( filepath );","","    if( filepath.indexOf( path.normalize( options.settings.views ) ) === -1 ){","      // not an absolute path","      filepath = path.join( options.settings.views, filepath );","    }","","    if( !path.extname( filepath ) ){","      filepath += '.' + ( options.settings['view engine'] || 'vash' )","    }","  }","","  // TODO: auto insert 'model' into arguments","  try {","    // if browser, tpl must exist in tpl cache","    tpl = options.cache || browser","      ? helpers.tplcache[filepath] || ( helpers.tplcache[filepath] = vash.compile(fs.readFileSync(filepath, 'utf8')) )","      : vash.compile( fs.readFileSync(filepath, 'utf8') )","","    cb && cb(null, tpl);","  } catch(e) {","    cb && cb(e, null);","  }","}","","vash.renderFile = vash.__express = function(filepath, options, cb){","","  vash.loadFile(filepath, options, function(err, tpl){","    // auto setup an `onRenderEnd` callback to seal the layout","    var prevORE = options.onRenderEnd;","","    cb( err, !err && tpl(options, function(err, ctx){","      ctx.finishLayout()","      if( prevORE ) prevORE(err, ctx);","    }) );","  })","}","","helpers._ensureLayoutProps = function(){","  this.appends = this.appends || {};","  this.prepends = this.prepends || {};","  this.blocks = this.blocks || {};","","  this.blockMarks = this.blockMarks || {};","}","","helpers.finishLayout = function(){","  this._ensureLayoutProps();","","  var self = this, name, marks, blocks, prepends, appends, injectMark, m, content, block","","  // each time `.block` is called, a mark is added to the buffer and","  // the `blockMarks` stack. Find the newest/\"highest\" mark on the stack","  // for each named block, and insert the rendered content (prepends, block, appends)","  // in place of that mark","","  for( name in this.blockMarks ){","","    marks = this.blockMarks[name];","","    prepends = this.prepends[name];","    blocks = this.blocks[name];","    appends = this.appends[name];","","    injectMark = marks.pop();","","    // mark current point in buffer in prep to grab rendered content","    m = this.buffer.mark();","","    prepends && prepends.forEach(function(p){ self.buffer.pushConcat( p ); });","","    // a block might never have a callback defined, e.g. is optional","    // with no default content","    block = blocks.pop();","    block && this.buffer.pushConcat( block );","","    appends && appends.forEach(function(a){ self.buffer.pushConcat( a ); });","","    // grab rendered content","    content = this.buffer.fromMark( m )","","    // Join, but split out the VASHMARKS so further buffer operations are still","    // sane. Join is required to prevent max argument errors when large templates","    // are being used.","    content = compactContent(content);","","    // Prep for apply, ensure the right location (mark) is used for injection.","    content.unshift( injectMark, 0 );","    this.buffer.spliceMark.apply( this.buffer, content );","  }","","  for( name in this.blockMarks ){","","    // kill all other marks registered as blocks","    this.blockMarks[name].forEach(function(m){ m.destroy(); });","  }","","  // this should only be able to happen once","  delete this.blockMarks;","  delete this.prepends;","  delete this.blocks;","  delete this.appends;","","  // and return the whole thing","  return this.toString();","}","","// Given an array, condense all the strings to as few array elements","// as possible, while preserving `Mark`s as individual elements.","function compactContent(content) {","  var re = vash.Mark.re;","  var parts = [];","  var str = '';","","  content.forEach(function(part) {","    if (re.exec(part)) {","      parts.push(str, part);","      str = '';","    } else {","      // Ensure `undefined`s are not `toString`ed","      str += (part || '');","    }","  });","","  // And don't forget the rest.","  parts.push(str);","","  return parts;","}","","helpers.extend = function(path, ctn){","  var  self = this","    ,buffer = this.buffer","    ,origModel = this.model","    ,layoutCtx;","","  this._ensureLayoutProps();","","  // this is a synchronous callback","  vash.loadFile(path, this.model, function(err, tpl){","","    if (err) throw err;","","    // any content that is outside of a block but within an \"extend\"","    // callback is completely thrown away, as the destination for such","    // content is undefined","    var start = self.buffer.mark();","","    ctn(self.model);","","    // ... and just throw it away","    var  content = self.buffer.fromMark( start )","      // TODO: unless it's a mark id? Removing everything means a block","      // MUST NOT be defined in an extend callback","      //,filtered = content.filter( vash.Mark.uidLike )","","    //self.buffer.push( filtered );","","    // `isExtending` is necessary because named blocks in the layout","    // will be interpreted after named blocks in the content. Since","    // layout named blocks should only be used as placeholders in the","    // event that their content is redefined, `block` must know to add","    // the defined content at the head or tail or the block stack.","    self.isExtending = true;","    tpl( self.model, { context: self } );","    self.isExtending = false;","  });","","  this.model = origModel;","}","","helpers.include = function(name, model){","","  var  self = this","    ,buffer = this.buffer","    ,origModel = this.model;","","  // TODO: should this be in a new context? Jade looks like an include","  // is not shared with parent context","","  // this is a synchronous callback","  vash.loadFile(name, this.model, function(err, tpl){","    if (err) throw err;","    tpl( model || self.model, { context: self } );","  });","","  this.model = origModel;","}","","helpers.block = function(name, ctn){","  this._ensureLayoutProps();","","  var  self = this","    // ensure that we have a list of marks for this name","    ,marks = this.blockMarks[name] || ( this.blockMarks[name] = [] )","    // ensure a list of blocks for this name","    ,blocks = this.blocks[name] || ( this.blocks[name] = [] )","    ,start","    ,content;","","  // render out the content immediately, if defined, to attempt to grab","  // \"dependencies\" like other includes, blocks, etc","  if( ctn ){","    start = this.buffer.mark();","    ctn( this.model );","    content = this.buffer.fromMark( start );","","    // add rendered content to named list of blocks","    if( content.length && !this.isExtending ){","      blocks.push( content );","    }","","    // if extending the rendered content must be allowed to be redefined","    if( content.length && this.isExtending ){","      blocks.unshift( content );","    }","  }","","  // mark the current location as \"where this block will end up\"","  marks.push( this.buffer.mark( 'block-' + name ) );","}","","helpers._handlePrependAppend = function( type, name, ctn ){","  this._ensureLayoutProps();","","  var start = this.buffer.mark()","    ,content","    ,stack = this[type]","    ,namedStack = stack[name] || ( stack[name] = [] )","","  ctn( this.model );","  content = this.buffer.fromMark( start );","","  namedStack.push( content );","}","","helpers.append = function(name, ctn){","  this._handlePrependAppend( 'appends', name, ctn );","}","","helpers.prepend = function(name, ctn){","  this._handlePrependAppend( 'prepends', name, ctn );","}",""],"l":{"1":1,"2":1,"5":1,"6":1,"12":1,"13":1,"18":1,"20":1,"42":0,"44":0,"47":0,"49":0,"51":0,"53":0,"56":0,"57":0,"62":0,"64":0,"68":0,"70":0,"74":1,"76":0,"78":0,"80":0,"81":0,"82":0,"87":1,"88":0,"89":0,"90":0,"92":0,"95":1,"96":0,"98":0,"105":0,"107":0,"109":0,"110":0,"111":0,"113":0,"116":0,"118":0,"122":0,"123":0,"125":0,"128":0,"133":0,"136":0,"137":0,"140":0,"143":0,"147":0,"148":0,"149":0,"150":0,"153":0,"158":1,"159":0,"160":0,"161":0,"163":0,"164":0,"165":0,"166":0,"169":0,"174":0,"176":0,"179":1,"180":0,"185":0,"188":0,"190":0,"195":0,"197":0,"200":0,"212":0,"213":0,"214":0,"217":0,"220":1,"222":0,"230":0,"231":0,"232":0,"235":0,"238":1,"239":0,"241":0,"251":0,"252":0,"253":0,"254":0,"257":0,"258":0,"262":0,"263":0,"268":0,"271":1,"272":0,"274":0,"279":0,"280":0,"282":0,"285":1,"286":0,"289":1,"290":0}},"/home/travis/build/npmtest/node-npmtest-vash/node_modules/vash/lib/traverse.js":{"path":"/home/travis/build/npmtest/node-npmtest-vash/node_modules/vash/lib/traverse.js","s":{"1":1,"2":1,"3":0,"4":0,"5":0,"6":0,"7":0,"8":0,"9":0,"10":0,"11":0,"12":0,"13":0,"14":0},"b":{"1":[0,0],"2":[0,0],"3":[0,0],"4":[0,0]},"f":{"1":0,"2":0,"3":0,"4":0},"fnMap":{"1":{"name":"traverse","line":13,"loc":{"start":{"line":13,"column":17},"end":{"line":13,"column":52}}},"2":{"name":"walk","line":15,"loc":{"start":{"line":15,"column":3},"end":{"line":15,"column":31}}},"3":{"name":"(anonymous_3)","line":25,"loc":{"start":{"line":25,"column":28},"end":{"line":25,"column":42}}},"4":{"name":"(anonymous_4)","line":28,"loc":{"start":{"line":28,"column":29},"end":{"line":28,"column":45}}}},"statementMap":{"1":{"start":{"line":2,"column":0},"end":{"line":11,"column":1}},"2":{"start":{"line":13,"column":0},"end":{"line":37,"column":1}},"3":{"start":{"line":15,"column":2},"end":{"line":36,"column":17}},"4":{"start":{"line":17,"column":4},"end":{"line":19,"column":5}},"5":{"start":{"line":18,"column":6},"end":{"line":18,"column":27}},"6":{"start":{"line":21,"column":4},"end":{"line":21,"column":36}},"7":{"start":{"line":23,"column":4},"end":{"line":23,"column":47}},"8":{"start":{"line":24,"column":4},"end":{"line":33,"column":5}},"9":{"start":{"line":25,"column":6},"end":{"line":32,"column":8}},"10":{"start":{"line":26,"column":8},"end":{"line":26,"column":35}},"11":{"start":{"line":27,"column":8},"end":{"line":31,"column":9}},"12":{"start":{"line":28,"column":10},"end":{"line":30,"column":12}},"13":{"start":{"line":29,"column":12},"end":{"line":29,"column":30}},"14":{"start":{"line":35,"column":4},"end":{"line":35,"column":32}}},"branchMap":{"1":{"line":17,"type":"if","locations":[{"start":{"line":17,"column":4},"end":{"line":17,"column":4}},{"start":{"line":17,"column":4},"end":{"line":17,"column":4}}]},"2":{"line":24,"type":"if","locations":[{"start":{"line":24,"column":4},"end":{"line":24,"column":4}},{"start":{"line":24,"column":4},"end":{"line":24,"column":4}}]},"3":{"line":27,"type":"if","locations":[{"start":{"line":27,"column":8},"end":{"line":27,"column":8}},{"start":{"line":27,"column":8},"end":{"line":27,"column":8}}]},"4":{"line":27,"type":"binary-expr","locations":[{"start":{"line":27,"column":12},"end":{"line":27,"column":22}},{"start":{"line":27,"column":26},"end":{"line":27,"column":43}}]}},"code":["","var visitorKeys = {","  VashProgram: ['body'],","  VashBlock: ['head', 'values', 'tail'],","  VashExplicitExpression: ['values'],","  VashExpression: ['values'],","  VashIndexExpression: ['values'],","  VashMarkup: ['attributes', 'values'],","  VashMarkupAttribute: ['left', 'right'],","  VashText: []","}","","module.exports = function traverse(node, callbacks) {","","  (function walk(node, parent) {","","    if (!node.parent) {","      node.parent = parent;","    }","","    var ret = callbacks.enter(node);","","    var candidateKeys = visitorKeys[node.type];","    if (candidateKeys) {","      candidateKeys.forEach(function(key) {","        var valueNodes = node[key];","        if (valueNodes && valueNodes.length) {","          valueNodes.forEach(function(child) {","            walk(child, node);","          })","        }","      })","    }","","    ret = callbacks.leave(node);","  }(node, null));","}"],"l":{"2":1,"13":1,"15":0,"17":0,"18":0,"21":0,"23":0,"24":0,"25":0,"26":0,"27":0,"28":0,"29":0,"35":0}}}